{"numTotalTestSuites":22,"numPassedTestSuites":19,"numFailedTestSuites":3,"numPendingTestSuites":0,"numTotalTests":61,"numPassedTests":60,"numFailedTests":1,"numPendingTests":0,"numTodoTests":0,"snapshot":{"added":0,"failure":false,"filesAdded":0,"filesRemoved":0,"filesRemovedList":[],"filesUnmatched":0,"filesUpdated":0,"matched":0,"total":0,"unchecked":0,"uncheckedKeysByFile":[],"unmatched":0,"updated":0,"didUpdate":false},"startTime":1772575927073,"success":false,"testResults":[{"assertionResults":[{"ancestorTitles":["IPC Contract Validation (IDEA-025)","critical channel existence"],"fullName":"IPC Contract Validation (IDEA-025) critical channel existence registers all critical \"auth\" handlers","status":"passed","title":"registers all critical \"auth\" handlers","duration":1.5049000000000206,"failureMessages":[],"meta":{}},{"ancestorTitles":["IPC Contract Validation (IDEA-025)","critical channel existence"],"fullName":"IPC Contract Validation (IDEA-025) critical channel existence registers all critical \"chat\" handlers","status":"passed","title":"registers all critical \"chat\" handlers","duration":0.1655999999999267,"failureMessages":[],"meta":{}},{"ancestorTitles":["IPC Contract Validation (IDEA-025)","critical channel existence"],"fullName":"IPC Contract Validation (IDEA-025) critical channel existence registers all critical \"settings\" handlers","status":"passed","title":"registers all critical \"settings\" handlers","duration":0.15660000000002583,"failureMessages":[],"meta":{}},{"ancestorTitles":["IPC Contract Validation (IDEA-025)","critical channel existence"],"fullName":"IPC Contract Validation (IDEA-025) critical channel existence registers all critical \"project\" handlers","status":"passed","title":"registers all critical \"project\" handlers","duration":0.15219999999999345,"failureMessages":[],"meta":{}},{"ancestorTitles":["IPC Contract Validation (IDEA-025)","critical channel existence"],"fullName":"IPC Contract Validation (IDEA-025) critical channel existence registers all critical \"terminal\" handlers","status":"passed","title":"registers all critical \"terminal\" handlers","duration":0.16909999999995762,"failureMessages":[],"meta":{}},{"ancestorTitles":["IPC Contract Validation (IDEA-025)","critical channel existence"],"fullName":"IPC Contract Validation (IDEA-025) critical channel existence registers all critical \"ollama\" handlers","status":"passed","title":"registers all critical \"ollama\" handlers","duration":0.13140000000009877,"failureMessages":[],"meta":{}},{"ancestorTitles":["IPC Contract Validation (IDEA-025)","critical channel existence"],"fullName":"IPC Contract Validation (IDEA-025) critical channel existence registers all critical \"db\" handlers","status":"passed","title":"registers all critical \"db\" handlers","duration":0.10949999999991178,"failureMessages":[],"meta":{}},{"ancestorTitles":["IPC Contract Validation (IDEA-025)","critical channel existence"],"fullName":"IPC Contract Validation (IDEA-025) critical channel existence registers all critical \"git\" handlers","status":"passed","title":"registers all critical \"git\" handlers","duration":0.15949999999998,"failureMessages":[],"meta":{}},{"ancestorTitles":["IPC Contract Validation (IDEA-025)","critical channel existence"],"fullName":"IPC Contract Validation (IDEA-025) critical channel existence registers all critical \"memory\" handlers","status":"passed","title":"registers all critical \"memory\" handlers","duration":0.15859999999997854,"failureMessages":[],"meta":{}},{"ancestorTitles":["IPC Contract Validation (IDEA-025)","critical channel existence"],"fullName":"IPC Contract Validation (IDEA-025) critical channel existence registers all critical \"mcp\" handlers","status":"passed","title":"registers all critical \"mcp\" handlers","duration":0.175200000000018,"failureMessages":[],"meta":{}},{"ancestorTitles":["IPC Contract Validation (IDEA-025)","preload bridge completeness"],"fullName":"IPC Contract Validation (IDEA-025) preload bridge completeness preload.ts imports domain bridges for all critical categories","status":"passed","title":"preload.ts imports domain bridges for all critical categories","duration":0.334699999999998,"failureMessages":[],"meta":{}},{"ancestorTitles":["IPC Contract Validation (IDEA-025)","preload bridge completeness"],"fullName":"IPC Contract Validation (IDEA-025) preload bridge completeness preload.ts exposes bridges via contextBridge.exposeInMainWorld","status":"passed","title":"preload.ts exposes bridges via contextBridge.exposeInMainWorld","duration":0.25880000000006476,"failureMessages":[],"meta":{}},{"ancestorTitles":["IPC Contract Validation (IDEA-025)","preload bridge completeness"],"fullName":"IPC Contract Validation (IDEA-025) preload bridge completeness preload domain files invoke channels with matching domain prefixes in main","status":"passed","title":"preload domain files invoke channels with matching domain prefixes in main","duration":0.8388999999999669,"failureMessages":[],"meta":{}},{"ancestorTitles":["IPC Contract Validation (IDEA-025)","handler return type alignment"],"fullName":"IPC Contract Validation (IDEA-025) handler return type alignment electron.d.ts declares getSettings returning Promise<AppSettings>","status":"passed","title":"electron.d.ts declares getSettings returning Promise<AppSettings>","duration":0.294399999999996,"failureMessages":[],"meta":{}},{"ancestorTitles":["IPC Contract Validation (IDEA-025)","handler return type alignment"],"fullName":"IPC Contract Validation (IDEA-025) handler return type alignment electron.d.ts declares githubLogin returning device code shape","status":"passed","title":"electron.d.ts declares githubLogin returning device code shape","duration":0.3084999999999809,"failureMessages":[],"meta":{}},{"ancestorTitles":["IPC Contract Validation (IDEA-025)","handler return type alignment"],"fullName":"IPC Contract Validation (IDEA-025) handler return type alignment electron.d.ts declares isOllamaRunning returning Promise<boolean>","status":"passed","title":"electron.d.ts declares isOllamaRunning returning Promise<boolean>","duration":0.26490000000001146,"failureMessages":[],"meta":{}},{"ancestorTitles":["IPC Contract Validation (IDEA-025)","handler return type alignment"],"fullName":"IPC Contract Validation (IDEA-025) handler return type alignment electron.d.ts declares chatStream accepting ChatStreamRequest","status":"passed","title":"electron.d.ts declares chatStream accepting ChatStreamRequest","duration":0.2604999999999791,"failureMessages":[],"meta":{}},{"ancestorTitles":["IPC Contract Validation (IDEA-025)","handler return type alignment"],"fullName":"IPC Contract Validation (IDEA-025) handler return type alignment settings handler file returns AppSettings-compatible shape","status":"passed","title":"settings handler file returns AppSettings-compatible shape","duration":0.29519999999990887,"failureMessages":[],"meta":{}},{"ancestorTitles":["IPC Contract Validation (IDEA-025)","event channel consistency"],"fullName":"IPC Contract Validation (IDEA-025) event channel consistency webContents.send channels have corresponding listeners in electron.d.ts or preload","status":"passed","title":"webContents.send channels have corresponding listeners in electron.d.ts or preload","duration":6.197300000000041,"failureMessages":[],"meta":{}},{"ancestorTitles":["IPC Contract Validation (IDEA-025)","event channel consistency"],"fullName":"IPC Contract Validation (IDEA-025) event channel consistency critical event channels from main are reachable in preload or d.ts","status":"passed","title":"critical event channels from main are reachable in preload or d.ts","duration":4.8922999999999774,"failureMessages":[],"meta":{}},{"ancestorTitles":["IPC Contract Validation (IDEA-025)","event channel consistency"],"fullName":"IPC Contract Validation (IDEA-025) event channel consistency process event channels are handled in preload","status":"passed","title":"process event channels are handled in preload","duration":0.30160000000000764,"failureMessages":[],"meta":{}},{"ancestorTitles":["IPC Contract Validation (IDEA-025)","channel naming convention"],"fullName":"IPC Contract Validation (IDEA-025) channel naming convention all ipcMain.handle channels follow domain:action naming","status":"passed","title":"all ipcMain.handle channels follow domain:action naming","duration":0.4318999999999278,"failureMessages":[],"meta":{}},{"ancestorTitles":["IPC Contract Validation (IDEA-025)","channel naming convention"],"fullName":"IPC Contract Validation (IDEA-025) channel naming convention all ipcMain.on channels follow domain:action naming","status":"passed","title":"all ipcMain.on channels follow domain:action naming","duration":0.21010000000001128,"failureMessages":[],"meta":{}},{"ancestorTitles":["IPC Contract Validation (IDEA-025)","channel naming convention"],"fullName":"IPC Contract Validation (IDEA-025) channel naming convention all webContents.send channels follow domain:action naming","status":"passed","title":"all webContents.send channels follow domain:action naming","duration":0.15009999999995216,"failureMessages":[],"meta":{}},{"ancestorTitles":["IPC Contract Validation (IDEA-025)","no orphaned handlers"],"fullName":"IPC Contract Validation (IDEA-025) no orphaned handlers every handler domain has a corresponding bridge, type declaration, or renderer usage","status":"passed","title":"every handler domain has a corresponding bridge, type declaration, or renderer usage","duration":8.447999999999979,"failureMessages":[],"meta":{}},{"ancestorTitles":["IPC Contract Validation (IDEA-025)","no orphaned handlers"],"fullName":"IPC Contract Validation (IDEA-025) no orphaned handlers majority of preload invoke channels have corresponding main handlers","status":"passed","title":"majority of preload invoke channels have corresponding main handlers","duration":0.6320999999999231,"failureMessages":[],"meta":{}},{"ancestorTitles":["IPC Contract Validation (IDEA-025)","ElectronAPI surface integrity"],"fullName":"IPC Contract Validation (IDEA-025) ElectronAPI surface integrity electron.d.ts declares the ElectronAPI interface","status":"passed","title":"electron.d.ts declares the ElectronAPI interface","duration":0.5163000000000011,"failureMessages":[],"meta":{}},{"ancestorTitles":["IPC Contract Validation (IDEA-025)","ElectronAPI surface integrity"],"fullName":"IPC Contract Validation (IDEA-025) ElectronAPI surface integrity ElectronAPI has critical top-level properties","status":"passed","title":"ElectronAPI has critical top-level properties","duration":0.19700000000000273,"failureMessages":[],"meta":{}},{"ancestorTitles":["IPC Contract Validation (IDEA-025)","ElectronAPI surface integrity"],"fullName":"IPC Contract Validation (IDEA-025) ElectronAPI surface integrity window.electron is declared globally","status":"passed","title":"window.electron is declared globally","duration":0.4434999999999718,"failureMessages":[],"meta":{}},{"ancestorTitles":["IPC Contract Validation (IDEA-025)","handler count sanity"],"fullName":"IPC Contract Validation (IDEA-025) handler count sanity has a reasonable number of registered ipcMain.handle channels (> 100)","status":"passed","title":"has a reasonable number of registered ipcMain.handle channels (> 100)","duration":0.1513999999999669,"failureMessages":[],"meta":{}},{"ancestorTitles":["IPC Contract Validation (IDEA-025)","handler count sanity"],"fullName":"IPC Contract Validation (IDEA-025) handler count sanity has fewer ipcMain.on channels than handle channels","status":"passed","title":"has fewer ipcMain.on channels than handle channels","duration":0.1572999999999638,"failureMessages":[],"meta":{}},{"ancestorTitles":["IPC Contract Validation (IDEA-025)","handler count sanity"],"fullName":"IPC Contract Validation (IDEA-025) handler count sanity preload invokes at least 50 channels","status":"passed","title":"preload invokes at least 50 channels","duration":0.0906999999999698,"failureMessages":[],"meta":{}}],"startTime":1772575927612,"endTime":1772575927642.0908,"status":"passed","message":"","name":"C:/Users/agnes/Desktop/projects/tengra/src/tests/main/ipc/contract-validation.test.ts"},{"assertionResults":[{"ancestorTitles":["Export IPC Integration"],"fullName":"Export IPC Integration should register expected handlers","status":"passed","title":"should register expected handlers","duration":1.413499999999999,"failureMessages":[],"meta":{}},{"ancestorTitles":["Export IPC Integration","export:markdown"],"fullName":"Export IPC Integration export:markdown should export markdown with valid content","status":"passed","title":"should export markdown with valid content","duration":1.5308999999999742,"failureMessages":[],"meta":{}},{"ancestorTitles":["Export IPC Integration","export:markdown"],"fullName":"Export IPC Integration export:markdown should reject non-string content","status":"passed","title":"should reject non-string content","duration":0.4210999999999103,"failureMessages":[],"meta":{}},{"ancestorTitles":["Export IPC Integration","export:markdown"],"fullName":"Export IPC Integration export:markdown should reject non-string filePath","status":"passed","title":"should reject non-string filePath","duration":0.24289999999996326,"failureMessages":[],"meta":{}},{"ancestorTitles":["Export IPC Integration","export:markdown"],"fullName":"Export IPC Integration export:markdown should reject oversized content","status":"passed","title":"should reject oversized content","duration":0.2457000000000562,"failureMessages":[],"meta":{}},{"ancestorTitles":["Export IPC Integration","export:markdown"],"fullName":"Export IPC Integration export:markdown should reject empty filePath","status":"passed","title":"should reject empty filePath","duration":0.19299999999998363,"failureMessages":[],"meta":{}},{"ancestorTitles":["Export IPC Integration","export:markdown"],"fullName":"Export IPC Integration export:markdown should reject whitespace-only filePath","status":"passed","title":"should reject whitespace-only filePath","duration":0.17309999999997672,"failureMessages":[],"meta":{}},{"ancestorTitles":["Export IPC Integration","export:markdown"],"fullName":"Export IPC Integration export:markdown should reject filePath exceeding max length","status":"passed","title":"should reject filePath exceeding max length","duration":0.171100000000024,"failureMessages":[],"meta":{}},{"ancestorTitles":["Export IPC Integration","export:markdown"],"fullName":"Export IPC Integration export:markdown should trim whitespace from filePath","status":"passed","title":"should trim whitespace from filePath","duration":0.19819999999992888,"failureMessages":[],"meta":{}},{"ancestorTitles":["Export IPC Integration","export:pdf"],"fullName":"Export IPC Integration export:pdf should export PDF with valid content","status":"passed","title":"should export PDF with valid content","duration":0.3166999999999689,"failureMessages":[],"meta":{}},{"ancestorTitles":["Export IPC Integration","export:pdf"],"fullName":"Export IPC Integration export:pdf should reject non-string HTML content","status":"passed","title":"should reject non-string HTML content","duration":0.2195000000000391,"failureMessages":[],"meta":{}},{"ancestorTitles":["Export IPC Integration","export:pdf"],"fullName":"Export IPC Integration export:pdf should reject non-string filePath","status":"passed","title":"should reject non-string filePath","duration":0.16690000000005512,"failureMessages":[],"meta":{}},{"ancestorTitles":["Export IPC Integration","export:pdf"],"fullName":"Export IPC Integration export:pdf should reject oversized HTML content","status":"passed","title":"should reject oversized HTML content","duration":0.16390000000001237,"failureMessages":[],"meta":{}},{"ancestorTitles":["Export IPC Integration","export:pdf"],"fullName":"Export IPC Integration export:pdf should reject empty filePath","status":"passed","title":"should reject empty filePath","duration":0.15479999999990923,"failureMessages":[],"meta":{}},{"ancestorTitles":["Export IPC Integration","export:pdf"],"fullName":"Export IPC Integration export:pdf should reject filePath exceeding max length","status":"passed","title":"should reject filePath exceeding max length","duration":0.14060000000006312,"failureMessages":[],"meta":{}},{"ancestorTitles":["Export IPC Integration","export:pdf"],"fullName":"Export IPC Integration export:pdf should trim whitespace from filePath","status":"passed","title":"should trim whitespace from filePath","duration":0.16679999999996653,"failureMessages":[],"meta":{}},{"ancestorTitles":["Export IPC Integration","export:pdf"],"fullName":"Export IPC Integration export:pdf should handle export service errors","status":"failed","title":"should handle export service errors","duration":5.091499999999996,"failureMessages":["AssertionError: expected { success: false, error: { ÔÇĞ(2) } } to match object { success: false, error: { ÔÇĞ(2) } }\n    at Proxy.<anonymous> (file:///C:/Users/agnes/Desktop/projects/tengra/node_modules/@vitest/expect/dist/index.js:1216:10)\n    at Proxy.<anonymous> (file:///C:/Users/agnes/Desktop/projects/tengra/node_modules/@vitest/expect/dist/index.js:1090:14)\n    at Proxy.methodWrapper (file:///C:/Users/agnes/Desktop/projects/tengra/node_modules/chai/index.js:1700:25)\n    at C:/Users/agnes/Desktop/projects/tengra/src/tests/main/ipc/export.integration.test.ts:314:28\n    at file:///C:/Users/agnes/Desktop/projects/tengra/node_modules/@vitest/runner/dist/index.js:915:20"],"meta":{}}],"startTime":1772575927672,"endTime":1772575927683.0916,"status":"failed","message":"","name":"C:/Users/agnes/Desktop/projects/tengra/src/tests/main/ipc/export.integration.test.ts"},{"assertionResults":[{"ancestorTitles":["Logging IPC Handlers","log:stream:start"],"fullName":"Logging IPC Handlers log:stream:start should enable log streaming","status":"passed","title":"should enable log streaming","duration":2.544899999999984,"failureMessages":[],"meta":{}},{"ancestorTitles":["Logging IPC Handlers","log:stream:start"],"fullName":"Logging IPC Handlers log:stream:start should allow log entries to be streamed after start","status":"passed","title":"should allow log entries to be streamed after start","duration":3.7772999999999683,"failureMessages":[],"meta":{}},{"ancestorTitles":["Logging IPC Handlers","log:stream:stop"],"fullName":"Logging IPC Handlers log:stream:stop should disable log streaming","status":"passed","title":"should disable log streaming","duration":0.23090000000001965,"failureMessages":[],"meta":{}},{"ancestorTitles":["Logging IPC Handlers","log:stream:stop"],"fullName":"Logging IPC Handlers log:stream:stop should stop streaming log entries after stop","status":"passed","title":"should stop streaming log entries after stop","duration":0.2665000000000646,"failureMessages":[],"meta":{}},{"ancestorTitles":["Logging IPC Handlers","log:buffer:get"],"fullName":"Logging IPC Handlers log:buffer:get should return recent log entries","status":"passed","title":"should return recent log entries","duration":0.676900000000046,"failureMessages":[],"meta":{}},{"ancestorTitles":["Logging IPC Handlers","log:buffer:get"],"fullName":"Logging IPC Handlers log:buffer:get should return empty array if no logs","status":"passed","title":"should return empty array if no logs","duration":0.15750000000002728,"failureMessages":[],"meta":{}},{"ancestorTitles":["Logging IPC Handlers","log:buffer:get"],"fullName":"Logging IPC Handlers log:buffer:get should limit to last 500 entries","status":"passed","title":"should limit to last 500 entries","duration":0.9981999999999971,"failureMessages":[],"meta":{}},{"ancestorTitles":["Logging IPC Handlers","log:buffer:clear"],"fullName":"Logging IPC Handlers log:buffer:clear should clear log buffer","status":"passed","title":"should clear log buffer","duration":0.22959999999989122,"failureMessages":[],"meta":{}},{"ancestorTitles":["Logging IPC Handlers","log:write"],"fullName":"Logging IPC Handlers log:write should have log:write listener registered","status":"passed","title":"should have log:write listener registered","duration":0.11210000000005493,"failureMessages":[],"meta":{}},{"ancestorTitles":["Logging IPC Handlers","pushLogEntry"],"fullName":"Logging IPC Handlers pushLogEntry should add entry to buffer with timestamp and ID","status":"passed","title":"should add entry to buffer with timestamp and ID","duration":0.5332999999999402,"failureMessages":[],"meta":{}},{"ancestorTitles":["Logging IPC Handlers","pushLogEntry"],"fullName":"Logging IPC Handlers pushLogEntry should maintain buffer size limit of 1000","status":"passed","title":"should maintain buffer size limit of 1000","duration":1.7040999999999258,"failureMessages":[],"meta":{}},{"ancestorTitles":["Logging IPC Handlers","pushLogEntry"],"fullName":"Logging IPC Handlers pushLogEntry should handle window destruction gracefully during streaming","status":"passed","title":"should handle window destruction gracefully during streaming","duration":1.1061999999999443,"failureMessages":[],"meta":{}}],"startTime":1772575927673,"endTime":1772575927686.1062,"status":"passed","message":"","name":"C:/Users/agnes/Desktop/projects/tengra/src/tests/main/ipc/logging.integration.test.ts"}]}
