{"numTotalTestSuites":1155,"numPassedTestSuites":1155,"numFailedTestSuites":0,"numPendingTestSuites":0,"numTotalTests":2833,"numPassedTests":2833,"numFailedTests":0,"numPendingTests":0,"numTodoTests":0,"snapshot":{"added":0,"failure":false,"filesAdded":0,"filesRemoved":0,"filesRemovedList":[],"filesUnmatched":0,"filesUpdated":0,"matched":0,"total":0,"unchecked":0,"uncheckedKeysByFile":[],"unmatched":0,"updated":0,"didUpdate":false},"startTime":1772250886393,"success":true,"testResults":[{"assertionResults":[{"ancestorTitles":["API Contract"],"fullName":"API Contract has valid high-level OpenAPI structure in source file","status":"passed","title":"has valid high-level OpenAPI structure in source file","duration":12.004800000000614,"failureMessages":[],"meta":{}}],"startTime":1772250894692,"endTime":1772250894704.005,"status":"passed","message":"","name":"C:/Users/agnes/Desktop/projects/tengra/src/tests/main/contracts/api-openapi.contract.test.ts"},{"assertionResults":[{"ancestorTitles":["Database Contract"],"fullName":"Database Contract contains required audit-log contract methods","status":"passed","title":"contains required audit-log contract methods","duration":12.647999999999229,"failureMessages":[],"meta":{}}],"startTime":1772250894769,"endTime":1772250894781.648,"status":"passed","message":"","name":"C:/Users/agnes/Desktop/projects/tengra/src/tests/main/contracts/database.contract.test.ts"},{"assertionResults":[{"ancestorTitles":["IPC Contract"],"fullName":"IPC Contract keeps channel naming pattern namespace:action","status":"passed","title":"keeps channel naming pattern namespace:action","duration":56.35979999999927,"failureMessages":[],"meta":{}}],"startTime":1772250891825,"endTime":1772250891881.3599,"status":"passed","message":"","name":"C:/Users/agnes/Desktop/projects/tengra/src/tests/main/contracts/ipc.contract.test.ts"},{"assertionResults":[{"ancestorTitles":["CircuitBreaker"],"fullName":"CircuitBreaker should start in CLOSED state","status":"passed","title":"should start in CLOSED state","duration":1.7240999999999076,"failureMessages":[],"meta":{}},{"ancestorTitles":["CircuitBreaker"],"fullName":"CircuitBreaker should execute successful action","status":"passed","title":"should execute successful action","duration":0.6059999999997672,"failureMessages":[],"meta":{}},{"ancestorTitles":["CircuitBreaker"],"fullName":"CircuitBreaker should open circuit after N failures","status":"passed","title":"should open circuit after N failures","duration":6.960000000000036,"failureMessages":[],"meta":{}},{"ancestorTitles":["CircuitBreaker"],"fullName":"CircuitBreaker should block requests when OPEN","status":"passed","title":"should block requests when OPEN","duration":1.8074999999998909,"failureMessages":[],"meta":{}},{"ancestorTitles":["CircuitBreaker"],"fullName":"CircuitBreaker should transition to HALF_OPEN after timeout","status":"passed","title":"should transition to HALF_OPEN after timeout","duration":112.84909999999991,"failureMessages":[],"meta":{}},{"ancestorTitles":["CircuitBreaker"],"fullName":"CircuitBreaker should reopen if HALF_OPEN fails","status":"passed","title":"should reopen if HALF_OPEN fails","duration":116.60309999999981,"failureMessages":[],"meta":{}}],"startTime":1772250888201,"endTime":1772250888441.603,"status":"passed","message":"","name":"C:/Users/agnes/Desktop/projects/tengra/src/tests/main/core/circuit-breaker.test.ts"},{"assertionResults":[{"ancestorTitles":["Container"],"fullName":"Container should register and resolve a singleton","status":"passed","title":"should register and resolve a singleton","duration":4.9266999999999825,"failureMessages":[],"meta":{}},{"ancestorTitles":["Container"],"fullName":"Container should register and resolve a transient service","status":"passed","title":"should register and resolve a transient service","duration":1.0850999999984197,"failureMessages":[],"meta":{}},{"ancestorTitles":["Container"],"fullName":"Container should resolve dependencies","status":"passed","title":"should resolve dependencies","duration":0.32369999999900756,"failureMessages":[],"meta":{}},{"ancestorTitles":["Container"],"fullName":"Container should run init lifecycle method for singletons","status":"passed","title":"should run init lifecycle method for singletons","duration":1.640400000000227,"failureMessages":[],"meta":{}},{"ancestorTitles":["Container"],"fullName":"Container should run dispose lifecycle method in reverse order","status":"passed","title":"should run dispose lifecycle method in reverse order","duration":4.606499999999869,"failureMessages":[],"meta":{}}],"startTime":1772250897024,"endTime":1772250897036.6064,"status":"passed","message":"","name":"C:/Users/agnes/Desktop/projects/tengra/src/tests/main/core/container.test.ts"},{"assertionResults":[{"ancestorTitles":["LazyServiceRegistry"],"fullName":"LazyServiceRegistry should register and load a service on first get()","status":"passed","title":"should register and load a service on first get()","duration":18.835900000000038,"failureMessages":[],"meta":{}},{"ancestorTitles":["LazyServiceRegistry"],"fullName":"LazyServiceRegistry should return cached service on subsequent get() calls","status":"passed","title":"should return cached service on subsequent get() calls","duration":1.0466000000001259,"failureMessages":[],"meta":{}},{"ancestorTitles":["LazyServiceRegistry"],"fullName":"LazyServiceRegistry should throw for unregistered service","status":"passed","title":"should throw for unregistered service","duration":5.95719999999983,"failureMessages":[],"meta":{}},{"ancestorTitles":["LazyServiceRegistry"],"fullName":"LazyServiceRegistry should deduplicate concurrent get() calls","status":"passed","title":"should deduplicate concurrent get() calls","duration":54.68139999999994,"failureMessages":[],"meta":{}},{"ancestorTitles":["LazyServiceRegistry"],"fullName":"LazyServiceRegistry should report isLoaded correctly","status":"passed","title":"should report isLoaded correctly","duration":1.8040000000000873,"failureMessages":[],"meta":{}},{"ancestorTitles":["LazyServiceRegistry"],"fullName":"LazyServiceRegistry should list registered and loaded services","status":"passed","title":"should list registered and loaded services","duration":2.034599999999955,"failureMessages":[],"meta":{}},{"ancestorTitles":["LazyServiceRegistry"],"fullName":"LazyServiceRegistry should propagate factory errors and allow retry","status":"passed","title":"should propagate factory errors and allow retry","duration":1.407799999999952,"failureMessages":[],"meta":{}},{"ancestorTitles":["createLazyServiceProxy"],"fullName":"createLazyServiceProxy should forward method calls to the loaded service","status":"passed","title":"should forward method calls to the loaded service","duration":0.9203999999999724,"failureMessages":[],"meta":{}},{"ancestorTitles":["createLazyServiceProxy"],"fullName":"createLazyServiceProxy should resolve via await (thenable protocol)","status":"passed","title":"should resolve via await (thenable protocol)","duration":0.7780000000002474,"failureMessages":[],"meta":{}}],"startTime":1772250888218,"endTime":1772250888305.778,"status":"passed","message":"","name":"C:/Users/agnes/Desktop/projects/tengra/src/tests/main/core/lazy-services.test.ts"},{"assertionResults":[{"ancestorTitles":["ServiceRegistry"],"fullName":"ServiceRegistry should return the same singleton instance","status":"passed","title":"should return the same singleton instance","duration":3.648800000000847,"failureMessages":[],"meta":{}},{"ancestorTitles":["ServiceRegistry"],"fullName":"ServiceRegistry should register and retrieve a service","status":"passed","title":"should register and retrieve a service","duration":0.9871000000002823,"failureMessages":[],"meta":{}},{"ancestorTitles":["ServiceRegistry"],"fullName":"ServiceRegistry should return undefined for unregistered service","status":"passed","title":"should return undefined for unregistered service","duration":0.9760999999998603,"failureMessages":[],"meta":{}},{"ancestorTitles":["ServiceRegistry"],"fullName":"ServiceRegistry should unregister a service","status":"passed","title":"should unregister a service","duration":0.574800000000323,"failureMessages":[],"meta":{}},{"ancestorTitles":["ServiceRegistry"],"fullName":"ServiceRegistry should emit service:registered event","status":"passed","title":"should emit service:registered event","duration":1.9948000000003958,"failureMessages":[],"meta":{}},{"ancestorTitles":["ServiceRegistry"],"fullName":"ServiceRegistry should emit service:unregistered event","status":"passed","title":"should emit service:unregistered event","duration":2.6811999999990803,"failureMessages":[],"meta":{}},{"ancestorTitles":["ServiceRegistry"],"fullName":"ServiceRegistry should find services by predicate","status":"passed","title":"should find services by predicate","duration":1.090700000000652,"failureMessages":[],"meta":{}},{"ancestorTitles":["ServiceRegistry"],"fullName":"ServiceRegistry should find services by tag","status":"passed","title":"should find services by tag","duration":2.401499999999942,"failureMessages":[],"meta":{}},{"ancestorTitles":["ServiceRegistry"],"fullName":"ServiceRegistry should overwrite existing service on re-register","status":"passed","title":"should overwrite existing service on re-register","duration":0.33950000000004366,"failureMessages":[],"meta":{}},{"ancestorTitles":["ServiceRegistry"],"fullName":"ServiceRegistry should default metadata fields when not provided","status":"passed","title":"should default metadata fields when not provided","duration":0.35930000000007567,"failureMessages":[],"meta":{}}],"startTime":1772250896103,"endTime":1772250896119.3594,"status":"passed","message":"","name":"C:/Users/agnes/Desktop/projects/tengra/src/tests/main/core/service-registry.test.ts"},{"assertionResults":[{"ancestorTitles":["registerAdvancedMemoryIpc"],"fullName":"registerAdvancedMemoryIpc registers search/export/history handlers and calls service methods","status":"passed","title":"registers search/export/history handlers and calls service methods","duration":15.63720000000012,"failureMessages":[],"meta":{}},{"ancestorTitles":["registerAdvancedMemoryIpc"],"fullName":"registerAdvancedMemoryIpc retries transient search failures and reports health telemetry","status":"passed","title":"retries transient search failures and reports health telemetry","duration":39.98750000000018,"failureMessages":[],"meta":{}}],"startTime":1772250891680,"endTime":1772250891735.9875,"status":"passed","message":"","name":"C:/Users/agnes/Desktop/projects/tengra/src/tests/main/ipc/advanced-memory-ipc.handlers.test.ts"},{"assertionResults":[{"ancestorTitles":["Advanced Memory IPC Handlers"],"fullName":"Advanced Memory IPC Handlers registers and runs core advanced-memory handlers","status":"passed","title":"registers and runs core advanced-memory handlers","duration":9.856400000000576,"failureMessages":[],"meta":{}},{"ancestorTitles":["Advanced Memory IPC Handlers"],"fullName":"Advanced Memory IPC Handlers normalizes invalid search inputs and avoids service call on empty query","status":"passed","title":"normalizes invalid search inputs and avoids service call on empty query","duration":2.402200000000448,"failureMessages":[],"meta":{}},{"ancestorTitles":["Advanced Memory IPC Handlers"],"fullName":"Advanced Memory IPC Handlers normalizes export args and forwards bounded limits","status":"passed","title":"normalizes export args and forwards bounded limits","duration":2.0763000000006286,"failureMessages":[],"meta":{}}],"startTime":1772250895983,"endTime":1772250895998.0764,"status":"passed","message":"","name":"C:/Users/agnes/Desktop/projects/tengra/src/tests/main/ipc/advanced-memory.integration.test.ts"},{"assertionResults":[{"ancestorTitles":["Agent IPC Integration"],"fullName":"Agent IPC Integration should register expected handlers","status":"passed","title":"should register expected handlers","duration":9.650499999999738,"failureMessages":[],"meta":{}},{"ancestorTitles":["Agent IPC Integration","agent:get-all"],"fullName":"Agent IPC Integration agent:get-all should return all agents","status":"passed","title":"should return all agents","duration":2.392300000000432,"failureMessages":[],"meta":{}},{"ancestorTitles":["Agent IPC Integration","agent:get-all"],"fullName":"Agent IPC Integration agent:get-all should return empty array when no agents","status":"passed","title":"should return empty array when no agents","duration":1.0424000000002707,"failureMessages":[],"meta":{}},{"ancestorTitles":["Agent IPC Integration","agent:get-all"],"fullName":"Agent IPC Integration agent:get-all should return empty array on service error","status":"passed","title":"should return empty array on service error","duration":1.103399999999965,"failureMessages":[],"meta":{}},{"ancestorTitles":["Agent IPC Integration","agent:get-all"],"fullName":"Agent IPC Integration agent:get-all should serialize agents to JSON safely","status":"passed","title":"should serialize agents to JSON safely","duration":0.8686999999999898,"failureMessages":[],"meta":{}},{"ancestorTitles":["Agent IPC Integration","agent:get"],"fullName":"Agent IPC Integration agent:get should return agent by ID","status":"passed","title":"should return agent by ID","duration":3.1352999999999156,"failureMessages":[],"meta":{}},{"ancestorTitles":["Agent IPC Integration","agent:get"],"fullName":"Agent IPC Integration agent:get should return null for nonexistent agent","status":"passed","title":"should return null for nonexistent agent","duration":2.195499999999811,"failureMessages":[],"meta":{}},{"ancestorTitles":["Agent IPC Integration","agent:get"],"fullName":"Agent IPC Integration agent:get should return null on service error","status":"passed","title":"should return null on service error","duration":1.7600000000002183,"failureMessages":[],"meta":{}},{"ancestorTitles":["Agent IPC Integration","agent:get"],"fullName":"Agent IPC Integration agent:get should handle different ID formats","status":"passed","title":"should handle different ID formats","duration":1.987699999999677,"failureMessages":[],"meta":{}},{"ancestorTitles":["Agent IPC Integration","agent:create"],"fullName":"Agent IPC Integration agent:create should call service createAgent with parsed payload","status":"passed","title":"should call service createAgent with parsed payload","duration":5.120999999999185,"failureMessages":[],"meta":{}},{"ancestorTitles":["Agent IPC Integration","agent:delete"],"fullName":"Agent IPC Integration agent:delete should call service deleteAgent with options","status":"passed","title":"should call service deleteAgent with options","duration":2.4965999999994892,"failureMessages":[],"meta":{}}],"startTime":1772250893304,"endTime":1772250893336.4966,"status":"passed","message":"","name":"C:/Users/agnes/Desktop/projects/tengra/src/tests/main/ipc/agent.integration.test.ts"},{"assertionResults":[{"ancestorTitles":["Audit IPC Integration"],"fullName":"Audit IPC Integration registers all audit IPC handlers","status":"passed","title":"registers all audit IPC handlers","duration":2.5843000000004395,"failureMessages":[],"meta":{}},{"ancestorTitles":["Audit IPC Integration"],"fullName":"Audit IPC Integration retrieves logs without filter options","status":"passed","title":"retrieves logs without filter options","duration":3.7754000000004453,"failureMessages":[],"meta":{}},{"ancestorTitles":["Audit IPC Integration"],"fullName":"Audit IPC Integration retrieves logs with category filter","status":"passed","title":"retrieves logs with category filter","duration":4.089899999999034,"failureMessages":[],"meta":{}},{"ancestorTitles":["Audit IPC Integration"],"fullName":"Audit IPC Integration retrieves logs with date range filter","status":"passed","title":"retrieves logs with date range filter","duration":1.2479000000002998,"failureMessages":[],"meta":{}},{"ancestorTitles":["Audit IPC Integration"],"fullName":"Audit IPC Integration retrieves logs with limit filter","status":"passed","title":"retrieves logs with limit filter","duration":0.6441999999988184,"failureMessages":[],"meta":{}},{"ancestorTitles":["Audit IPC Integration"],"fullName":"Audit IPC Integration retrieves logs with multiple filters","status":"passed","title":"retrieves logs with multiple filters","duration":0.7852999999995518,"failureMessages":[],"meta":{}},{"ancestorTitles":["Audit IPC Integration"],"fullName":"Audit IPC Integration throws error for invalid category via Zod validation","status":"passed","title":"throws error for invalid category via Zod validation","duration":3.023699999999735,"failureMessages":[],"meta":{}},{"ancestorTitles":["Audit IPC Integration"],"fullName":"Audit IPC Integration throws error for invalid startDate type","status":"passed","title":"throws error for invalid startDate type","duration":1.0082999999995081,"failureMessages":[],"meta":{}},{"ancestorTitles":["Audit IPC Integration"],"fullName":"Audit IPC Integration throws error for invalid endDate type","status":"passed","title":"throws error for invalid endDate type","duration":0.7504000000008091,"failureMessages":[],"meta":{}},{"ancestorTitles":["Audit IPC Integration"],"fullName":"Audit IPC Integration throws error for invalid limit type","status":"passed","title":"throws error for invalid limit type","duration":0.9251000000003842,"failureMessages":[],"meta":{}},{"ancestorTitles":["Audit IPC Integration"],"fullName":"Audit IPC Integration clears all logs","status":"passed","title":"clears all logs","duration":0.43000000000029104,"failureMessages":[],"meta":{}},{"ancestorTitles":["Audit IPC Integration"],"fullName":"Audit IPC Integration clears logs successfully even on service error","status":"passed","title":"clears logs successfully even on service error","duration":0.5278999999991356,"failureMessages":[],"meta":{}}],"startTime":1772250895479,"endTime":1772250895499.5278,"status":"passed","message":"","name":"C:/Users/agnes/Desktop/projects/tengra/src/tests/main/ipc/audit.integration.test.ts"},{"assertionResults":[{"ancestorTitles":["AUD-2026-02-27-01: auth:poll-token must not expose access_token"],"fullName":"AUD-2026-02-27-01: auth:poll-token must not expose access_token should not contain access_token in successful poll response","status":"passed","title":"should not contain access_token in successful poll response","duration":14.38590000000113,"failureMessages":[],"meta":{}},{"ancestorTitles":["AUD-2026-02-27-01: auth:poll-token must not expose access_token"],"fullName":"AUD-2026-02-27-01: auth:poll-token must not expose access_token should not contain access_token in profile poll response","status":"passed","title":"should not contain access_token in profile poll response","duration":2.224100000001272,"failureMessages":[],"meta":{}},{"ancestorTitles":["AUD-2026-02-27-01: auth:poll-token must not expose access_token"],"fullName":"AUD-2026-02-27-01: auth:poll-token must not expose access_token should not contain access_token in error response","status":"passed","title":"should not contain access_token in error response","duration":2.852899999999863,"failureMessages":[],"meta":{}},{"ancestorTitles":["AUD-2026-02-27-01: auth:poll-token must not expose access_token"],"fullName":"AUD-2026-02-27-01: auth:poll-token must not expose access_token should only contain allowed fields in the account object","status":"passed","title":"should only contain allowed fields in the account object","duration":2.7678000000014435,"failureMessages":[],"meta":{}}],"startTime":1772250895387,"endTime":1772250895409.7678,"status":"passed","message":"","name":"C:/Users/agnes/Desktop/projects/tengra/src/tests/main/ipc/auth-token-exposure.test.ts"},{"assertionResults":[{"ancestorTitles":["Auth IPC Handlers","auth:github-login"],"fullName":"Auth IPC Handlers auth:github-login should initiate GitHub auth flow","status":"passed","title":"should initiate GitHub auth flow","duration":4.917099999998754,"failureMessages":[],"meta":{}},{"ancestorTitles":["Auth IPC Handlers","auth:poll-token"],"fullName":"Auth IPC Handlers auth:poll-token should handle token polling","status":"passed","title":"should handle token polling","duration":1.7017999999989115,"failureMessages":[],"meta":{}},{"ancestorTitles":["Auth IPC Handlers","auth:poll-token"],"fullName":"Auth IPC Handlers auth:poll-token should handle poll failure","status":"passed","title":"should handle poll failure","duration":0.5266000000010536,"failureMessages":[],"meta":{}},{"ancestorTitles":["Auth IPC Handlers","auth:set-active-linked-account"],"fullName":"Auth IPC Handlers auth:set-active-linked-account should set active linked account","status":"passed","title":"should set active linked account","duration":0.5315000000009604,"failureMessages":[],"meta":{}},{"ancestorTitles":["Auth IPC Handlers","auth:link-account"],"fullName":"Auth IPC Handlers auth:link-account should link an account","status":"passed","title":"should link an account","duration":0.7253000000000611,"failureMessages":[],"meta":{}},{"ancestorTitles":["Auth IPC Handlers","auth:unlink-account"],"fullName":"Auth IPC Handlers auth:unlink-account should unlink an account","status":"passed","title":"should unlink an account","duration":0.29680000000007567,"failureMessages":[],"meta":{}},{"ancestorTitles":["Auth IPC Handlers","auth:get-linked-accounts"],"fullName":"Auth IPC Handlers auth:get-linked-accounts should return all linked accounts","status":"passed","title":"should return all linked accounts","duration":0.38220000000001164,"failureMessages":[],"meta":{}},{"ancestorTitles":["Auth IPC Handlers","auth:has-linked-account"],"fullName":"Auth IPC Handlers auth:has-linked-account should check if account is linked","status":"passed","title":"should check if account is linked","duration":0.5346000000008644,"failureMessages":[],"meta":{}}],"startTime":1772250897954,"endTime":1772250897964.5347,"status":"passed","message":"","name":"C:/Users/agnes/Desktop/projects/tengra/src/tests/main/ipc/auth.integration.test.ts"},{"assertionResults":[{"ancestorTitles":["Backup IPC Integration"],"fullName":"Backup IPC Integration should register expected handlers","status":"passed","title":"should register expected handlers","duration":5.011099999999715,"failureMessages":[],"meta":{}},{"ancestorTitles":["Backup IPC Integration","backup:create"],"fullName":"Backup IPC Integration backup:create should create backup with default options","status":"passed","title":"should create backup with default options","duration":2.90309999999954,"failureMessages":[],"meta":{}},{"ancestorTitles":["Backup IPC Integration","backup:create"],"fullName":"Backup IPC Integration backup:create should create backup with custom options","status":"passed","title":"should create backup with custom options","duration":1.7176999999992404,"failureMessages":[],"meta":{}},{"ancestorTitles":["Backup IPC Integration","backup:restore"],"fullName":"Backup IPC Integration backup:restore should restore backup with valid path","status":"passed","title":"should restore backup with valid path","duration":2.1215000000001965,"failureMessages":[],"meta":{}},{"ancestorTitles":["Backup IPC Integration","backup:restore"],"fullName":"Backup IPC Integration backup:restore should restore backup with options","status":"passed","title":"should restore backup with options","duration":0.7579999999998108,"failureMessages":[],"meta":{}},{"ancestorTitles":["Backup IPC Integration","backup:restore"],"fullName":"Backup IPC Integration backup:restore should reject empty backup path","status":"passed","title":"should reject empty backup path","duration":0.961699999999837,"failureMessages":[],"meta":{}},{"ancestorTitles":["Backup IPC Integration","backup:restore"],"fullName":"Backup IPC Integration backup:restore should reject invalid backup path type","status":"passed","title":"should reject invalid backup path type","duration":0.5518000000001848,"failureMessages":[],"meta":{}},{"ancestorTitles":["Backup IPC Integration","backup:restore"],"fullName":"Backup IPC Integration backup:restore should reject whitespace-only backup path","status":"passed","title":"should reject whitespace-only backup path","duration":0.47000000000025466,"failureMessages":[],"meta":{}},{"ancestorTitles":["Backup IPC Integration","backup:delete"],"fullName":"Backup IPC Integration backup:delete should delete backup with valid path","status":"passed","title":"should delete backup with valid path","duration":0.5983999999998559,"failureMessages":[],"meta":{}},{"ancestorTitles":["Backup IPC Integration","backup:delete"],"fullName":"Backup IPC Integration backup:delete should reject empty backup path","status":"passed","title":"should reject empty backup path","duration":1.9359999999996944,"failureMessages":[],"meta":{}},{"ancestorTitles":["Backup IPC Integration","backup:delete"],"fullName":"Backup IPC Integration backup:delete should reject invalid backup path type","status":"passed","title":"should reject invalid backup path type","duration":0.37809999999990396,"failureMessages":[],"meta":{}},{"ancestorTitles":["Backup IPC Integration","backup:list"],"fullName":"Backup IPC Integration backup:list should list all backups","status":"passed","title":"should list all backups","duration":0.6251000000002023,"failureMessages":[],"meta":{}},{"ancestorTitles":["Backup IPC Integration","backup:list"],"fullName":"Backup IPC Integration backup:list should return empty array when no backups exist","status":"passed","title":"should return empty array when no backups exist","duration":0.2768999999998414,"failureMessages":[],"meta":{}},{"ancestorTitles":["Backup IPC Integration","backup:getDir"],"fullName":"Backup IPC Integration backup:getDir should get backup directory","status":"passed","title":"should get backup directory","duration":0.337800000000243,"failureMessages":[],"meta":{}},{"ancestorTitles":["Backup IPC Integration","backup:getAutoBackupStatus"],"fullName":"Backup IPC Integration backup:getAutoBackupStatus should get auto-backup status","status":"passed","title":"should get auto-backup status","duration":0.35049999999955617,"failureMessages":[],"meta":{}},{"ancestorTitles":["Backup IPC Integration","backup:getAutoBackupStatus"],"fullName":"Backup IPC Integration backup:getAutoBackupStatus should handle disabled auto-backup","status":"passed","title":"should handle disabled auto-backup","duration":0.2802000000001499,"failureMessages":[],"meta":{}},{"ancestorTitles":["Backup IPC Integration","backup:configureAutoBackup"],"fullName":"Backup IPC Integration backup:configureAutoBackup should configure auto-backup with full config","status":"passed","title":"should configure auto-backup with full config","duration":0.4411000000000058,"failureMessages":[],"meta":{}},{"ancestorTitles":["Backup IPC Integration","backup:configureAutoBackup"],"fullName":"Backup IPC Integration backup:configureAutoBackup should configure auto-backup with minimal config","status":"passed","title":"should configure auto-backup with minimal config","duration":0.3023000000002867,"failureMessages":[],"meta":{}},{"ancestorTitles":["Backup IPC Integration","backup:cleanup"],"fullName":"Backup IPC Integration backup:cleanup should cleanup old backups and return count","status":"passed","title":"should cleanup old backups and return count","duration":0.8231000000005224,"failureMessages":[],"meta":{}},{"ancestorTitles":["Backup IPC Integration","backup:cleanup"],"fullName":"Backup IPC Integration backup:cleanup should return zero when no backups cleaned up","status":"passed","title":"should return zero when no backups cleaned up","duration":0.2574000000004162,"failureMessages":[],"meta":{}}],"startTime":1772250893332,"endTime":1772250893354.2573,"status":"passed","message":"","name":"C:/Users/agnes/Desktop/projects/tengra/src/tests/main/ipc/backup.integration.test.ts"},{"assertionResults":[{"ancestorTitles":["Brain IPC Handlers","brain:learn"],"fullName":"Brain IPC Handlers brain:learn should learn a new fact about the user","status":"passed","title":"should learn a new fact about the user","duration":3.1015000000006694,"failureMessages":[],"meta":{}},{"ancestorTitles":["Brain IPC Handlers","brain:recall"],"fullName":"Brain IPC Handlers brain:recall should recall relevant user facts","status":"passed","title":"should recall relevant user facts","duration":0.5753000000004249,"failureMessages":[],"meta":{}},{"ancestorTitles":["Brain IPC Handlers","brain:getByCategory"],"fullName":"Brain IPC Handlers brain:getByCategory should get facts by category","status":"passed","title":"should get facts by category","duration":0.4454999999998108,"failureMessages":[],"meta":{}},{"ancestorTitles":["Brain IPC Handlers","brain:getContext"],"fullName":"Brain IPC Handlers brain:getContext should get full brain context","status":"passed","title":"should get full brain context","duration":0.37659999999959837,"failureMessages":[],"meta":{}},{"ancestorTitles":["Brain IPC Handlers","brain:extractFromMessage"],"fullName":"Brain IPC Handlers brain:extractFromMessage should extract facts from message","status":"passed","title":"should extract facts from message","duration":0.3400000000001455,"failureMessages":[],"meta":{}},{"ancestorTitles":["Brain IPC Handlers","brain:forget"],"fullName":"Brain IPC Handlers brain:forget should forget a fact","status":"passed","title":"should forget a fact","duration":2.0527000000001863,"failureMessages":[],"meta":{}},{"ancestorTitles":["Brain IPC Handlers","brain:getStats"],"fullName":"Brain IPC Handlers brain:getStats should get brain statistics","status":"passed","title":"should get brain statistics","duration":0.45390000000043074,"failureMessages":[],"meta":{}}],"startTime":1772250896881,"endTime":1772250896889.4539,"status":"passed","message":"","name":"C:/Users/agnes/Desktop/projects/tengra/src/tests/main/ipc/brain.integration.test.ts"},{"assertionResults":[{"ancestorTitles":["Chat IPC Integration"],"fullName":"Chat IPC Integration should register expected handlers","status":"passed","title":"should register expected handlers","duration":3.6259000000000015,"failureMessages":[],"meta":{}},{"ancestorTitles":["Chat IPC Integration"],"fullName":"Chat IPC Integration should route chat:openai to LLMService (default)","status":"passed","title":"should route chat:openai to LLMService (default)","duration":9.363500000000386,"failureMessages":[],"meta":{}},{"ancestorTitles":["Chat IPC Integration"],"fullName":"Chat IPC Integration should accept tengra systemMode values in chat:openai payload","status":"passed","title":"should accept tengra systemMode values in chat:openai payload","duration":1.7084999999997308,"failureMessages":[],"meta":{}},{"ancestorTitles":["Chat IPC Integration"],"fullName":"Chat IPC Integration should reject legacy positional args for chat:openai","status":"passed","title":"should reject legacy positional args for chat:openai","duration":1.7908000000006723,"failureMessages":[],"meta":{}},{"ancestorTitles":["Chat IPC Integration"],"fullName":"Chat IPC Integration should reject deprecated systemMode values in chat:openai payload","status":"passed","title":"should reject deprecated systemMode values in chat:openai payload","duration":1.0713999999998123,"failureMessages":[],"meta":{}},{"ancestorTitles":["Chat IPC Integration"],"fullName":"Chat IPC Integration should route chat:openai (copilot provider) to CopilotService","status":"passed","title":"should route chat:openai (copilot provider) to CopilotService","duration":0.9194999999999709,"failureMessages":[],"meta":{}},{"ancestorTitles":["Chat IPC Integration"],"fullName":"Chat IPC Integration should handle errors in chat:openai","status":"passed","title":"should handle errors in chat:openai","duration":1.090900000000147,"failureMessages":[],"meta":{}},{"ancestorTitles":["Chat IPC Integration"],"fullName":"Chat IPC Integration should route chat:copilot legacy handler","status":"passed","title":"should route chat:copilot legacy handler","duration":0.7539000000006126,"failureMessages":[],"meta":{}},{"ancestorTitles":["Chat IPC Integration"],"fullName":"Chat IPC Integration should reject legacy positional args for chat:stream","status":"passed","title":"should reject legacy positional args for chat:stream","duration":0.5713000000005195,"failureMessages":[],"meta":{}},{"ancestorTitles":["Chat IPC Integration"],"fullName":"Chat IPC Integration should reject missing chatId in object payload for chat:stream","status":"passed","title":"should reject missing chatId in object payload for chat:stream","duration":1.95929999999953,"failureMessages":[],"meta":{}},{"ancestorTitles":["Chat IPC Integration"],"fullName":"Chat IPC Integration should accept object payload for chat:stream and emit chunks","status":"passed","title":"should accept object payload for chat:stream and emit chunks","duration":8.195299999999406,"failureMessages":[],"meta":{}},{"ancestorTitles":["Chat IPC Integration"],"fullName":"Chat IPC Integration should accept chat:stream with systemMode thinking","status":"passed","title":"should accept chat:stream with systemMode thinking","duration":1.0519999999996799,"failureMessages":[],"meta":{}},{"ancestorTitles":["Chat IPC Integration"],"fullName":"Chat IPC Integration should accept chat:stream with systemMode agent","status":"passed","title":"should accept chat:stream with systemMode agent","duration":0.9841999999998734,"failureMessages":[],"meta":{}},{"ancestorTitles":["Chat IPC Integration"],"fullName":"Chat IPC Integration should accept chat:stream with systemMode fast","status":"passed","title":"should accept chat:stream with systemMode fast","duration":0.8949999999995271,"failureMessages":[],"meta":{}},{"ancestorTitles":["Chat IPC Integration"],"fullName":"Chat IPC Integration should reject deprecated systemMode values for chat:stream","status":"passed","title":"should reject deprecated systemMode values for chat:stream","duration":0.7997000000004846,"failureMessages":[],"meta":{}},{"ancestorTitles":["Chat IPC Integration"],"fullName":"Chat IPC Integration should emit error and done when chat stream throws","status":"passed","title":"should emit error and done when chat stream throws","duration":5.397699999999531,"failureMessages":[],"meta":{}},{"ancestorTitles":["Chat IPC Integration"],"fullName":"Chat IPC Integration should emit rate-limit error and done when token wait fails","status":"passed","title":"should emit rate-limit error and done when token wait fails","duration":2.571799999999712,"failureMessages":[],"meta":{}},{"ancestorTitles":["Chat IPC Integration"],"fullName":"Chat IPC Integration should return before cancel listener registration on rate-limit failure","status":"passed","title":"should return before cancel listener registration on rate-limit failure","duration":1.636199999999917,"failureMessages":[],"meta":{}},{"ancestorTitles":["Chat IPC Integration"],"fullName":"Chat IPC Integration should stream without calling waitForToken when rateLimitService is not configured","status":"passed","title":"should stream without calling waitForToken when rateLimitService is not configured","duration":0.8743000000004031,"failureMessages":[],"meta":{}},{"ancestorTitles":["Chat IPC Integration"],"fullName":"Chat IPC Integration should forward reasoningEffort to llmService.chatStream options","status":"passed","title":"should forward reasoningEffort to llmService.chatStream options","duration":0.9817000000002736,"failureMessages":[],"meta":{}},{"ancestorTitles":["Chat IPC Integration"],"fullName":"Chat IPC Integration should ignore non-string reasoningEffort values","status":"passed","title":"should ignore non-string reasoningEffort values","duration":0.7974000000003798,"failureMessages":[],"meta":{}},{"ancestorTitles":["Chat IPC Integration"],"fullName":"Chat IPC Integration should forward systemMode to llmService.chatStream options","status":"passed","title":"should forward systemMode to llmService.chatStream options","duration":0.7785000000003492,"failureMessages":[],"meta":{}},{"ancestorTitles":["Chat IPC Integration"],"fullName":"Chat IPC Integration should register and remove chat:cancel listener for stream lifecycle","status":"passed","title":"should register and remove chat:cancel listener for stream lifecycle","duration":2.4341999999996915,"failureMessages":[],"meta":{}},{"ancestorTitles":["Chat IPC Integration"],"fullName":"Chat IPC Integration should avoid sending stream chunks when sender is destroyed","status":"passed","title":"should avoid sending stream chunks when sender is destroyed","duration":0.9972999999999956,"failureMessages":[],"meta":{}},{"ancestorTitles":["Chat IPC Integration"],"fullName":"Chat IPC Integration should call rateLimitService waitForToken before streaming","status":"passed","title":"should call rateLimitService waitForToken before streaming","duration":0.7370999999993728,"failureMessages":[],"meta":{}},{"ancestorTitles":["Chat IPC Integration"],"fullName":"Chat IPC Integration should emit error and done when copilot stream startup fails","status":"passed","title":"should emit error and done when copilot stream startup fails","duration":0.799300000000585,"failureMessages":[],"meta":{}},{"ancestorTitles":["Chat IPC Integration"],"fullName":"Chat IPC Integration should route opencode stream provider successfully","status":"passed","title":"should route opencode stream provider successfully","duration":0.619499999999789,"failureMessages":[],"meta":{}},{"ancestorTitles":["Chat IPC Integration"],"fullName":"Chat IPC Integration should keep projectRoot undefined when projectId is provided","status":"passed","title":"should keep projectRoot undefined when projectId is provided","duration":0.6374999999998181,"failureMessages":[],"meta":{}},{"ancestorTitles":["Chat IPC Integration"],"fullName":"Chat IPC Integration should set runtime projectRoot when projectId is omitted","status":"passed","title":"should set runtime projectRoot when projectId is omitted","duration":3.4899999999997817,"failureMessages":[],"meta":{}},{"ancestorTitles":["Chat IPC Integration"],"fullName":"Chat IPC Integration should emit done without error chunk on AbortError","status":"passed","title":"should emit done without error chunk on AbortError","duration":1.405800000000454,"failureMessages":[],"meta":{}},{"ancestorTitles":["Chat IPC Integration"],"fullName":"Chat IPC Integration should abort active stream when cancel event matches chatId","status":"passed","title":"should abort active stream when cancel event matches chatId","duration":2.1929999999993015,"failureMessages":[],"meta":{}},{"ancestorTitles":["Chat IPC Integration"],"fullName":"Chat IPC Integration should continue stream when cancel event targets different chatId","status":"passed","title":"should continue stream when cancel event targets different chatId","duration":0.9720999999999549,"failureMessages":[],"meta":{}}],"startTime":1772250890048,"endTime":1772250890111.9722,"status":"passed","message":"","name":"C:/Users/agnes/Desktop/projects/tengra/src/tests/main/ipc/chat.integration.test.ts"},{"assertionResults":[{"ancestorTitles":["Code Intelligence IPC Handlers","code:scanTodos"],"fullName":"Code Intelligence IPC Handlers code:scanTodos should scan project for TODOs","status":"passed","title":"should scan project for TODOs","duration":10.448699999999917,"failureMessages":[],"meta":{}},{"ancestorTitles":["Code Intelligence IPC Handlers","code:findSymbols"],"fullName":"Code Intelligence IPC Handlers code:findSymbols should find symbols in project","status":"passed","title":"should find symbols in project","duration":2.7335999999995693,"failureMessages":[],"meta":{}},{"ancestorTitles":["Code Intelligence IPC Handlers","code:searchFiles"],"fullName":"Code Intelligence IPC Handlers code:searchFiles should search files in project","status":"passed","title":"should search files in project","duration":1.0861999999997352,"failureMessages":[],"meta":{}},{"ancestorTitles":["Code Intelligence IPC Handlers","code:indexProject"],"fullName":"Code Intelligence IPC Handlers code:indexProject should index a project","status":"passed","title":"should index a project","duration":1.4485999999997148,"failureMessages":[],"meta":{}},{"ancestorTitles":["Code Intelligence IPC Handlers","code:queryIndexedSymbols"],"fullName":"Code Intelligence IPC Handlers code:queryIndexedSymbols should query indexed symbols","status":"passed","title":"should query indexed symbols","duration":0.9062000000003536,"failureMessages":[],"meta":{}},{"ancestorTitles":["Code Intelligence IPC Handlers","code:findDefinition"],"fullName":"Code Intelligence IPC Handlers code:findDefinition should find symbol definition","status":"passed","title":"should find symbol definition","duration":0.8134999999992942,"failureMessages":[],"meta":{}},{"ancestorTitles":["Code Intelligence IPC Handlers","code:findReferences"],"fullName":"Code Intelligence IPC Handlers code:findReferences should find symbol references","status":"passed","title":"should find symbol references","duration":1.6804000000001906,"failureMessages":[],"meta":{}},{"ancestorTitles":["Code Intelligence IPC Handlers","code:getFileOutline"],"fullName":"Code Intelligence IPC Handlers code:getFileOutline should return file outline symbols","status":"passed","title":"should return file outline symbols","duration":1.824200000000019,"failureMessages":[],"meta":{}},{"ancestorTitles":["Code Intelligence IPC Handlers","code:previewRenameSymbol"],"fullName":"Code Intelligence IPC Handlers code:previewRenameSymbol should return rename preview","status":"passed","title":"should return rename preview","duration":1.1984999999995125,"failureMessages":[],"meta":{}},{"ancestorTitles":["Code Intelligence IPC Handlers","code:applyRenameSymbol"],"fullName":"Code Intelligence IPC Handlers code:applyRenameSymbol should apply rename changes","status":"passed","title":"should apply rename changes","duration":1.052400000000489,"failureMessages":[],"meta":{}},{"ancestorTitles":["Code Intelligence IPC Handlers","code:getSymbolAnalytics"],"fullName":"Code Intelligence IPC Handlers code:getSymbolAnalytics should return symbol analytics for project","status":"passed","title":"should return symbol analytics for project","duration":0.7199999999993452,"failureMessages":[],"meta":{}},{"ancestorTitles":["Code Intelligence IPC Handlers","code:generateFileDocumentation"],"fullName":"Code Intelligence IPC Handlers code:generateFileDocumentation should generate file documentation preview","status":"passed","title":"should generate file documentation preview","duration":0.5511999999998807,"failureMessages":[],"meta":{}},{"ancestorTitles":["Code Intelligence IPC Handlers","code:analyzeQuality"],"fullName":"Code Intelligence IPC Handlers code:analyzeQuality should analyze code quality","status":"passed","title":"should analyze code quality","duration":1.8360999999995329,"failureMessages":[],"meta":{}}],"startTime":1772250893154,"endTime":1772250893184.8362,"status":"passed","message":"","name":"C:/Users/agnes/Desktop/projects/tengra/src/tests/main/ipc/code-intelligence.integration.test.ts"},{"assertionResults":[{"ancestorTitles":["Code Sandbox IPC Handlers"],"fullName":"Code Sandbox IPC Handlers lists supported sandbox languages","status":"passed","title":"lists supported sandbox languages","duration":9.01640000000043,"failureMessages":[],"meta":{}},{"ancestorTitles":["Code Sandbox IPC Handlers"],"fullName":"Code Sandbox IPC Handlers executes safe javascript code","status":"passed","title":"executes safe javascript code","duration":8.05580000000009,"failureMessages":[],"meta":{}},{"ancestorTitles":["Code Sandbox IPC Handlers"],"fullName":"Code Sandbox IPC Handlers blocks javascript process access attempts","status":"passed","title":"blocks javascript process access attempts","duration":1.3786000000000058,"failureMessages":[],"meta":{}},{"ancestorTitles":["Code Sandbox IPC Handlers"],"fullName":"Code Sandbox IPC Handlers exposes code sandbox health metrics endpoint","status":"passed","title":"exposes code sandbox health metrics endpoint","duration":3.390400000000227,"failureMessages":[],"meta":{}}],"startTime":1772250895888,"endTime":1772250895909.3904,"status":"passed","message":"","name":"C:/Users/agnes/Desktop/projects/tengra/src/tests/main/ipc/code-sandbox.integration.test.ts"},{"assertionResults":[{"ancestorTitles":["Collaboration IPC Integration"],"fullName":"Collaboration IPC Integration should register expected handlers","status":"passed","title":"should register expected handlers","duration":3.51929999999993,"failureMessages":[],"meta":{}},{"ancestorTitles":["Collaboration IPC Integration","collaboration:run"],"fullName":"Collaboration IPC Integration collaboration:run should run collaboration with valid request","status":"passed","title":"should run collaboration with valid request","duration":4.210900000000038,"failureMessages":[],"meta":{}},{"ancestorTitles":["Collaboration IPC Integration","collaboration:run"],"fullName":"Collaboration IPC Integration collaboration:run should reject request with non-array messages","status":"passed","title":"should reject request with non-array messages","duration":0.8744999999998981,"failureMessages":[],"meta":{}},{"ancestorTitles":["Collaboration IPC Integration","collaboration:run"],"fullName":"Collaboration IPC Integration collaboration:run should reject request with empty models array","status":"passed","title":"should reject request with empty models array","duration":0.5717999999997119,"failureMessages":[],"meta":{}},{"ancestorTitles":["Collaboration IPC Integration","collaboration:run"],"fullName":"Collaboration IPC Integration collaboration:run should reject request with non-array models","status":"passed","title":"should reject request with non-array models","duration":0.4806000000007771,"failureMessages":[],"meta":{}},{"ancestorTitles":["Collaboration IPC Integration","collaboration:run"],"fullName":"Collaboration IPC Integration collaboration:run should reject request with invalid strategy","status":"passed","title":"should reject request with invalid strategy","duration":0.3867000000000189,"failureMessages":[],"meta":{}},{"ancestorTitles":["Collaboration IPC Integration","collaboration:run"],"fullName":"Collaboration IPC Integration collaboration:run should accept all valid strategies","status":"passed","title":"should accept all valid strategies","duration":0.5591000000003987,"failureMessages":[],"meta":{}},{"ancestorTitles":["Collaboration IPC Integration","collaboration:getProviderStats"],"fullName":"Collaboration IPC Integration collaboration:getProviderStats should get stats for specific provider","status":"passed","title":"should get stats for specific provider","duration":0.6710000000002765,"failureMessages":[],"meta":{}},{"ancestorTitles":["Collaboration IPC Integration","collaboration:getProviderStats"],"fullName":"Collaboration IPC Integration collaboration:getProviderStats should return null for non-existent provider","status":"passed","title":"should return null for non-existent provider","duration":0.483499999999367,"failureMessages":[],"meta":{}},{"ancestorTitles":["Collaboration IPC Integration","collaboration:getProviderStats"],"fullName":"Collaboration IPC Integration collaboration:getProviderStats should get all provider stats when no provider specified","status":"passed","title":"should get all provider stats when no provider specified","duration":0.46309999999994034,"failureMessages":[],"meta":{}},{"ancestorTitles":["Collaboration IPC Integration","collaboration:getProviderStats"],"fullName":"Collaboration IPC Integration collaboration:getProviderStats should handle errors and return fallback","status":"passed","title":"should handle errors and return fallback","duration":0.3653999999996813,"failureMessages":[],"meta":{}},{"ancestorTitles":["Collaboration IPC Integration","collaboration:getActiveTaskCount"],"fullName":"Collaboration IPC Integration collaboration:getActiveTaskCount should get active task count for provider","status":"passed","title":"should get active task count for provider","duration":0.3941000000004351,"failureMessages":[],"meta":{}},{"ancestorTitles":["Collaboration IPC Integration","collaboration:getActiveTaskCount"],"fullName":"Collaboration IPC Integration collaboration:getActiveTaskCount should reject non-string provider","status":"passed","title":"should reject non-string provider","duration":0.3161000000000058,"failureMessages":[],"meta":{}},{"ancestorTitles":["Collaboration IPC Integration","collaboration:getActiveTaskCount"],"fullName":"Collaboration IPC Integration collaboration:getActiveTaskCount should handle errors and return fallback","status":"passed","title":"should handle errors and return fallback","duration":0.28549999999995634,"failureMessages":[],"meta":{}},{"ancestorTitles":["Collaboration IPC Integration","collaboration:setProviderConfig"],"fullName":"Collaboration IPC Integration collaboration:setProviderConfig should set provider config with valid parameters","status":"passed","title":"should set provider config with valid parameters","duration":0.6455999999998312,"failureMessages":[],"meta":{}},{"ancestorTitles":["Collaboration IPC Integration","collaboration:setProviderConfig"],"fullName":"Collaboration IPC Integration collaboration:setProviderConfig should reject non-string provider","status":"passed","title":"should reject non-string provider","duration":0.35930000000007567,"failureMessages":[],"meta":{}},{"ancestorTitles":["Collaboration IPC Integration","collaboration:setProviderConfig"],"fullName":"Collaboration IPC Integration collaboration:setProviderConfig should reject invalid maxConcurrent","status":"passed","title":"should reject invalid maxConcurrent","duration":0.3002999999998792,"failureMessages":[],"meta":{}},{"ancestorTitles":["Collaboration IPC Integration","collaboration:setProviderConfig"],"fullName":"Collaboration IPC Integration collaboration:setProviderConfig should reject non-number maxConcurrent","status":"passed","title":"should reject non-number maxConcurrent","duration":0.2750000000005457,"failureMessages":[],"meta":{}},{"ancestorTitles":["Collaboration IPC Integration","collaboration:setProviderConfig"],"fullName":"Collaboration IPC Integration collaboration:setProviderConfig should reject non-number priority","status":"passed","title":"should reject non-number priority","duration":0.3206999999993059,"failureMessages":[],"meta":{}},{"ancestorTitles":["Collaboration IPC Integration","collaboration:setProviderConfig"],"fullName":"Collaboration IPC Integration collaboration:setProviderConfig should reject invalid rateLimitPerMinute","status":"passed","title":"should reject invalid rateLimitPerMinute","duration":0.29759999999987485,"failureMessages":[],"meta":{}},{"ancestorTitles":["Collaboration IPC Integration","collaboration:setProviderConfig"],"fullName":"Collaboration IPC Integration collaboration:setProviderConfig should reject non-number rateLimitPerMinute","status":"passed","title":"should reject non-number rateLimitPerMinute","duration":0.28879999999935535,"failureMessages":[],"meta":{}}],"startTime":1772250893925,"endTime":1772250893942.2976,"status":"passed","message":"","name":"C:/Users/agnes/Desktop/projects/tengra/src/tests/main/ipc/collaboration.integration.test.ts"},{"assertionResults":[{"ancestorTitles":["Database IPC Handlers","Chat Handlers"],"fullName":"Database IPC Handlers Chat Handlers should create a chat","status":"passed","title":"should create a chat","duration":21.651299999999537,"failureMessages":[],"meta":{}},{"ancestorTitles":["Database IPC Handlers","Chat Handlers"],"fullName":"Database IPC Handlers Chat Handlers should get a chat","status":"passed","title":"should get a chat","duration":4.64009999999962,"failureMessages":[],"meta":{}},{"ancestorTitles":["Database IPC Handlers","Chat Handlers"],"fullName":"Database IPC Handlers Chat Handlers should delete a chat","status":"passed","title":"should delete a chat","duration":16.88469999999961,"failureMessages":[],"meta":{}},{"ancestorTitles":["Database IPC Handlers","Project Handlers"],"fullName":"Database IPC Handlers Project Handlers should create a project","status":"passed","title":"should create a project","duration":9.716400000000249,"failureMessages":[],"meta":{}},{"ancestorTitles":["Database IPC Handlers","Folder Handlers"],"fullName":"Database IPC Handlers Folder Handlers should create a folder","status":"passed","title":"should create a folder","duration":7.345099999999547,"failureMessages":[],"meta":{}}],"startTime":1772250892243,"endTime":1772250892305.3452,"status":"passed","message":"","name":"C:/Users/agnes/Desktop/projects/tengra/src/tests/main/ipc/db.integration.test.ts"},{"assertionResults":[{"ancestorTitles":["Dialog IPC Handlers","dialog:selectDirectory"],"fullName":"Dialog IPC Handlers dialog:selectDirectory should return selected directory path","status":"passed","title":"should return selected directory path","duration":2.970100000000457,"failureMessages":[],"meta":{}},{"ancestorTitles":["Dialog IPC Handlers","dialog:selectDirectory"],"fullName":"Dialog IPC Handlers dialog:selectDirectory should handle canceled dialog","status":"passed","title":"should handle canceled dialog","duration":0.4698000000007596,"failureMessages":[],"meta":{}},{"ancestorTitles":["Dialog IPC Handlers","dialog:saveFile"],"fullName":"Dialog IPC Handlers dialog:saveFile should save file with valid options","status":"passed","title":"should save file with valid options","duration":0.45379999999931897,"failureMessages":[],"meta":{}},{"ancestorTitles":["Dialog IPC Handlers","dialog:saveFile"],"fullName":"Dialog IPC Handlers dialog:saveFile should reject invalid options","status":"passed","title":"should reject invalid options","duration":0.39909999999872525,"failureMessages":[],"meta":{}}],"startTime":1772250898576,"endTime":1772250898580.4539,"status":"passed","message":"","name":"C:/Users/agnes/Desktop/projects/tengra/src/tests/main/ipc/dialog.integration.test.ts"},{"assertionResults":[{"ancestorTitles":["Export IPC Integration"],"fullName":"Export IPC Integration should register expected handlers","status":"passed","title":"should register expected handlers","duration":4.9297999999998865,"failureMessages":[],"meta":{}},{"ancestorTitles":["Export IPC Integration","export:markdown"],"fullName":"Export IPC Integration export:markdown should export markdown with valid content","status":"passed","title":"should export markdown with valid content","duration":3.434499999999389,"failureMessages":[],"meta":{}},{"ancestorTitles":["Export IPC Integration","export:markdown"],"fullName":"Export IPC Integration export:markdown should reject non-string content","status":"passed","title":"should reject non-string content","duration":1.5717999999997119,"failureMessages":[],"meta":{}},{"ancestorTitles":["Export IPC Integration","export:markdown"],"fullName":"Export IPC Integration export:markdown should reject non-string filePath","status":"passed","title":"should reject non-string filePath","duration":0.9940999999998894,"failureMessages":[],"meta":{}},{"ancestorTitles":["Export IPC Integration","export:markdown"],"fullName":"Export IPC Integration export:markdown should reject oversized content","status":"passed","title":"should reject oversized content","duration":0.724899999999252,"failureMessages":[],"meta":{}},{"ancestorTitles":["Export IPC Integration","export:markdown"],"fullName":"Export IPC Integration export:markdown should reject empty filePath","status":"passed","title":"should reject empty filePath","duration":0.49350000000049477,"failureMessages":[],"meta":{}},{"ancestorTitles":["Export IPC Integration","export:markdown"],"fullName":"Export IPC Integration export:markdown should reject whitespace-only filePath","status":"passed","title":"should reject whitespace-only filePath","duration":0.3374000000003434,"failureMessages":[],"meta":{}},{"ancestorTitles":["Export IPC Integration","export:markdown"],"fullName":"Export IPC Integration export:markdown should reject filePath exceeding max length","status":"passed","title":"should reject filePath exceeding max length","duration":0.36419999999998254,"failureMessages":[],"meta":{}},{"ancestorTitles":["Export IPC Integration","export:markdown"],"fullName":"Export IPC Integration export:markdown should trim whitespace from filePath","status":"passed","title":"should trim whitespace from filePath","duration":0.849899999999252,"failureMessages":[],"meta":{}},{"ancestorTitles":["Export IPC Integration","export:pdf"],"fullName":"Export IPC Integration export:pdf should export PDF with valid content","status":"passed","title":"should export PDF with valid content","duration":0.6252000000004045,"failureMessages":[],"meta":{}},{"ancestorTitles":["Export IPC Integration","export:pdf"],"fullName":"Export IPC Integration export:pdf should reject non-string HTML content","status":"passed","title":"should reject non-string HTML content","duration":0.361799999998766,"failureMessages":[],"meta":{}},{"ancestorTitles":["Export IPC Integration","export:pdf"],"fullName":"Export IPC Integration export:pdf should reject non-string filePath","status":"passed","title":"should reject non-string filePath","duration":0.33619999999973516,"failureMessages":[],"meta":{}},{"ancestorTitles":["Export IPC Integration","export:pdf"],"fullName":"Export IPC Integration export:pdf should reject oversized HTML content","status":"passed","title":"should reject oversized HTML content","duration":0.34860000000117,"failureMessages":[],"meta":{}},{"ancestorTitles":["Export IPC Integration","export:pdf"],"fullName":"Export IPC Integration export:pdf should reject empty filePath","status":"passed","title":"should reject empty filePath","duration":0.2996000000002823,"failureMessages":[],"meta":{}},{"ancestorTitles":["Export IPC Integration","export:pdf"],"fullName":"Export IPC Integration export:pdf should reject filePath exceeding max length","status":"passed","title":"should reject filePath exceeding max length","duration":0.2822999999989406,"failureMessages":[],"meta":{}},{"ancestorTitles":["Export IPC Integration","export:pdf"],"fullName":"Export IPC Integration export:pdf should trim whitespace from filePath","status":"passed","title":"should trim whitespace from filePath","duration":0.3602999999984604,"failureMessages":[],"meta":{}},{"ancestorTitles":["Export IPC Integration","export:pdf"],"fullName":"Export IPC Integration export:pdf should handle export service errors","status":"passed","title":"should handle export service errors","duration":0.3780000000006112,"failureMessages":[],"meta":{}}],"startTime":1772250896424,"endTime":1772250896441.378,"status":"passed","message":"","name":"C:/Users/agnes/Desktop/projects/tengra/src/tests/main/ipc/export.integration.test.ts"},{"assertionResults":[{"ancestorTitles":["Extension IPC Handlers","extension:shouldShowWarning"],"fullName":"Extension IPC Handlers extension:shouldShowWarning should return warning status","status":"passed","title":"should return warning status","duration":2.1876999999985856,"failureMessages":[],"meta":{}},{"ancestorTitles":["Extension IPC Handlers","extension:dismissWarning"],"fullName":"Extension IPC Handlers extension:dismissWarning should dismiss warning","status":"passed","title":"should dismiss warning","duration":1.372400000000198,"failureMessages":[],"meta":{}},{"ancestorTitles":["Extension IPC Handlers","extension:getStatus"],"fullName":"Extension IPC Handlers extension:getStatus should return extension status","status":"passed","title":"should return extension status","duration":0.4331999999994878,"failureMessages":[],"meta":{}},{"ancestorTitles":["Extension IPC Handlers","extension:setInstalled"],"fullName":"Extension IPC Handlers extension:setInstalled should set installed status","status":"passed","title":"should set installed status","duration":0.7740000000012515,"failureMessages":[],"meta":{}}],"startTime":1772250897983,"endTime":1772250897987.774,"status":"passed","message":"","name":"C:/Users/agnes/Desktop/projects/tengra/src/tests/main/ipc/extension.integration.test.ts"},{"assertionResults":[{"ancestorTitles":["File-Diff IPC Handlers","diff:getFileHistory"],"fullName":"File-Diff IPC Handlers diff:getFileHistory should return file diff history","status":"passed","title":"should return file diff history","duration":2.329299999999421,"failureMessages":[],"meta":{}},{"ancestorTitles":["File-Diff IPC Handlers","diff:getRecentChanges"],"fullName":"File-Diff IPC Handlers diff:getRecentChanges should return recent changes","status":"passed","title":"should return recent changes","duration":0.3782999999984895,"failureMessages":[],"meta":{}},{"ancestorTitles":["File-Diff IPC Handlers","diff:getSessionChanges"],"fullName":"File-Diff IPC Handlers diff:getSessionChanges should return session changes","status":"passed","title":"should return session changes","duration":0.3621000000002823,"failureMessages":[],"meta":{}},{"ancestorTitles":["File-Diff IPC Handlers","diff:revertChange"],"fullName":"File-Diff IPC Handlers diff:revertChange should revert a file change","status":"passed","title":"should revert a file change","duration":1.590699999998833,"failureMessages":[],"meta":{}},{"ancestorTitles":["File-Diff IPC Handlers","diff:getStats"],"fullName":"File-Diff IPC Handlers diff:getStats should return diff statistics","status":"passed","title":"should return diff statistics","duration":0.4500000000007276,"failureMessages":[],"meta":{}},{"ancestorTitles":["File-Diff IPC Handlers","diff:cleanup"],"fullName":"File-Diff IPC Handlers diff:cleanup should cleanup old diffs","status":"passed","title":"should cleanup old diffs","duration":0.3305000000000291,"failureMessages":[],"meta":{}}],"startTime":1772250897979,"endTime":1772250897984.45,"status":"passed","message":"","name":"C:/Users/agnes/Desktop/projects/tengra/src/tests/main/ipc/file-diff.integration.test.ts"},{"assertionResults":[{"ancestorTitles":["Files IPC Handlers"],"fullName":"Files IPC Handlers registers core file handlers","status":"passed","title":"registers core file handlers","duration":8.443499999999403,"failureMessages":[],"meta":{}},{"ancestorTitles":["Files IPC Handlers"],"fullName":"Files IPC Handlers writes with tracking when ai context is provided","status":"passed","title":"writes with tracking when ai context is provided","duration":7.857700000000477,"failureMessages":[],"meta":{}},{"ancestorTitles":["Files IPC Handlers"],"fullName":"Files IPC Handlers returns validation fallback for invalid write context","status":"passed","title":"returns validation fallback for invalid write context","duration":6.342099999999846,"failureMessages":[],"meta":{}},{"ancestorTitles":["Files IPC Handlers"],"fullName":"Files IPC Handlers returns fallback payload when files:exists operation fails","status":"passed","title":"returns fallback payload when files:exists operation fails","duration":1.4800000000013824,"failureMessages":[],"meta":{}},{"ancestorTitles":["Files IPC Handlers"],"fullName":"Files IPC Handlers maps search results to stable response shape","status":"passed","title":"maps search results to stable response shape","duration":1.1163000000015018,"failureMessages":[],"meta":{}},{"ancestorTitles":["Files IPC Handlers"],"fullName":"Files IPC Handlers returns operation fallback when file search fails","status":"passed","title":"returns operation fallback when file search fails","duration":0.9128999999993539,"failureMessages":[],"meta":{}},{"ancestorTitles":["Files IPC Handlers"],"fullName":"Files IPC Handlers exposes files telemetry and health summary","status":"passed","title":"exposes files telemetry and health summary","duration":1.6201000000000931,"failureMessages":[],"meta":{}}],"startTime":1772250895119,"endTime":1772250895147.62,"status":"passed","message":"","name":"C:/Users/agnes/Desktop/projects/tengra/src/tests/main/ipc/files.integration.test.ts"},{"assertionResults":[{"ancestorTitles":["Gallery IPC Handlers"],"fullName":"Gallery IPC Handlers registers gallery IPC channels","status":"passed","title":"registers gallery IPC channels","duration":4.586600000000544,"failureMessages":[],"meta":{}},{"ancestorTitles":["Gallery IPC Handlers"],"fullName":"Gallery IPC Handlers returns batch-download summary with copied and skipped files","status":"passed","title":"returns batch-download summary with copied and skipped files","duration":5.3725999999987835,"failureMessages":[],"meta":{}}],"startTime":1772250898108,"endTime":1772250898118.3726,"status":"passed","message":"","name":"C:/Users/agnes/Desktop/projects/tengra/src/tests/main/ipc/gallery.integration.test.ts"},{"assertionResults":[{"ancestorTitles":["Git Advanced IPC Handlers"],"fullName":"Git Advanced IPC Handlers registers advanced git handlers","status":"passed","title":"registers advanced git handlers","duration":18.329999999999927,"failureMessages":[],"meta":{}},{"ancestorTitles":["Git Advanced IPC Handlers"],"fullName":"Git Advanced IPC Handlers rejects non-allowlisted controlled command","status":"passed","title":"rejects non-allowlisted controlled command","duration":11.307199999999284,"failureMessages":[],"meta":{}},{"ancestorTitles":["Git Advanced IPC Handlers"],"fullName":"Git Advanced IPC Handlers returns repository stats and clamps invalid days","status":"passed","title":"returns repository stats and clamps invalid days","duration":9.126099999999497,"failureMessages":[],"meta":{}}],"startTime":1772250894815,"endTime":1772250894854.1262,"status":"passed","message":"","name":"C:/Users/agnes/Desktop/projects/tengra/src/tests/main/ipc/git-advanced.integration.test.ts"},{"assertionResults":[{"ancestorTitles":["Git IPC Integration"],"fullName":"Git IPC Integration registers advanced Git handlers","status":"passed","title":"registers advanced Git handlers","duration":14.039999999999964,"failureMessages":[],"meta":{}},{"ancestorTitles":["Git IPC Integration"],"fullName":"Git IPC Integration supports controlled operation execution and cancellation","status":"passed","title":"supports controlled operation execution and cancellation","duration":15.377700000000004,"failureMessages":[],"meta":{}},{"ancestorTitles":["Git IPC Integration"],"fullName":"Git IPC Integration parses conflict entries and analytics","status":"passed","title":"parses conflict entries and analytics","duration":9.40769999999975,"failureMessages":[],"meta":{}},{"ancestorTitles":["Git IPC Integration"],"fullName":"Git IPC Integration returns stash list and supports export","status":"passed","title":"returns stash list and supports export","duration":7.078499999999622,"failureMessages":[],"meta":{}},{"ancestorTitles":["Git IPC Integration"],"fullName":"Git IPC Integration rejects invalid stash ref payloads with fallback","status":"passed","title":"rejects invalid stash ref payloads with fallback","duration":9.676800000000185,"failureMessages":[],"meta":{}},{"ancestorTitles":["Git IPC Integration"],"fullName":"Git IPC Integration parses blame lines and commit details","status":"passed","title":"parses blame lines and commit details","duration":8.408799999999701,"failureMessages":[],"meta":{}},{"ancestorTitles":["Git IPC Integration"],"fullName":"Git IPC Integration returns rebase status and flow summaries","status":"passed","title":"returns rebase status and flow summaries","duration":11.383800000000065,"failureMessages":[],"meta":{}},{"ancestorTitles":["Git IPC Integration"],"fullName":"Git IPC Integration returns submodule metadata and hook diagnostics","status":"passed","title":"returns submodule metadata and hook diagnostics","duration":5.138300000000072,"failureMessages":[],"meta":{}},{"ancestorTitles":["Git IPC Integration"],"fullName":"Git IPC Integration computes repository stats and exports CSV","status":"passed","title":"computes repository stats and exports CSV","duration":7.405399999999645,"failureMessages":[],"meta":{}}],"startTime":1772250889705,"endTime":1772250889793.4055,"status":"passed","message":"","name":"C:/Users/agnes/Desktop/projects/tengra/src/tests/main/ipc/git.integration.test.ts"},{"assertionResults":[{"ancestorTitles":["Health IPC Integration"],"fullName":"Health IPC Integration should register expected handlers","status":"passed","title":"should register expected handlers","duration":5.332499999999527,"failureMessages":[],"meta":{}},{"ancestorTitles":["Health IPC Integration","health:status"],"fullName":"Health IPC Integration health:status should return overall health status","status":"passed","title":"should return overall health status","duration":2.2851000000000568,"failureMessages":[],"meta":{}},{"ancestorTitles":["Health IPC Integration","health:status"],"fullName":"Health IPC Integration health:status should return degraded status","status":"passed","title":"should return degraded status","duration":0.45130000000062864,"failureMessages":[],"meta":{}},{"ancestorTitles":["Health IPC Integration","health:status"],"fullName":"Health IPC Integration health:status should return unhealthy fallback on error","status":"passed","title":"should return unhealthy fallback on error","duration":0.6786999999994805,"failureMessages":[],"meta":{}},{"ancestorTitles":["Health IPC Integration","health:check"],"fullName":"Health IPC Integration health:check should check specific service immediately","status":"passed","title":"should check specific service immediately","duration":2.3059000000002925,"failureMessages":[],"meta":{}},{"ancestorTitles":["Health IPC Integration","health:check"],"fullName":"Health IPC Integration health:check should reject empty service name","status":"passed","title":"should reject empty service name","duration":0.501299999999901,"failureMessages":[],"meta":{}},{"ancestorTitles":["Health IPC Integration","health:check"],"fullName":"Health IPC Integration health:check should reject non-string service name","status":"passed","title":"should reject non-string service name","duration":0.39910000000054424,"failureMessages":[],"meta":{}},{"ancestorTitles":["Health IPC Integration","health:check"],"fullName":"Health IPC Integration health:check should trim service name","status":"passed","title":"should trim service name","duration":2.607299999999668,"failureMessages":[],"meta":{}},{"ancestorTitles":["Health IPC Integration","health:check"],"fullName":"Health IPC Integration health:check should return null for nonexistent service","status":"passed","title":"should return null for nonexistent service","duration":1.5203000000001339,"failureMessages":[],"meta":{}},{"ancestorTitles":["Health IPC Integration","health:getService"],"fullName":"Health IPC Integration health:getService should get status for specific service","status":"passed","title":"should get status for specific service","duration":2.2854999999999563,"failureMessages":[],"meta":{}},{"ancestorTitles":["Health IPC Integration","health:getService"],"fullName":"Health IPC Integration health:getService should return null for nonexistent service","status":"passed","title":"should return null for nonexistent service","duration":0.6338000000005195,"failureMessages":[],"meta":{}},{"ancestorTitles":["Health IPC Integration","health:getService"],"fullName":"Health IPC Integration health:getService should reject empty service name","status":"passed","title":"should reject empty service name","duration":0.33179999999993015,"failureMessages":[],"meta":{}},{"ancestorTitles":["Health IPC Integration","health:getService"],"fullName":"Health IPC Integration health:getService should reject non-string service name","status":"passed","title":"should reject non-string service name","duration":0.3555000000005748,"failureMessages":[],"meta":{}},{"ancestorTitles":["Health IPC Integration","health:getService"],"fullName":"Health IPC Integration health:getService should trim service name","status":"passed","title":"should trim service name","duration":0.33650000000034197,"failureMessages":[],"meta":{}},{"ancestorTitles":["Health IPC Integration","health:listServices"],"fullName":"Health IPC Integration health:listServices should list all service names","status":"passed","title":"should list all service names","duration":1.4627000000000407,"failureMessages":[],"meta":{}},{"ancestorTitles":["Health IPC Integration","health:listServices"],"fullName":"Health IPC Integration health:listServices should return empty array when no services","status":"passed","title":"should return empty array when no services","duration":0.7674999999999272,"failureMessages":[],"meta":{}},{"ancestorTitles":["Health IPC Integration","health:listServices"],"fullName":"Health IPC Integration health:listServices should return empty array on error","status":"passed","title":"should return empty array on error","duration":0.49179999999978463,"failureMessages":[],"meta":{}}],"startTime":1772250891577,"endTime":1772250891600.7676,"status":"passed","message":"","name":"C:/Users/agnes/Desktop/projects/tengra/src/tests/main/ipc/health.integration.test.ts"},{"assertionResults":[{"ancestorTitles":["HuggingFace IPC Handlers","hf:search-models"],"fullName":"HuggingFace IPC Handlers hf:search-models should search models with valid parameters","status":"passed","title":"should search models with valid parameters","duration":8.410499999999956,"failureMessages":[],"meta":{}},{"ancestorTitles":["HuggingFace IPC Handlers","hf:search-models"],"fullName":"HuggingFace IPC Handlers hf:search-models should use default values for invalid limit","status":"passed","title":"should use default values for invalid limit","duration":1.0177999999996246,"failureMessages":[],"meta":{}},{"ancestorTitles":["HuggingFace IPC Handlers","hf:search-models"],"fullName":"HuggingFace IPC Handlers hf:search-models should clamp limit to MAX_LIMIT (100)","status":"passed","title":"should clamp limit to MAX_LIMIT (100)","duration":1.1674999999995634,"failureMessages":[],"meta":{}},{"ancestorTitles":["HuggingFace IPC Handlers","hf:search-models"],"fullName":"HuggingFace IPC Handlers hf:search-models should validate sort option","status":"passed","title":"should validate sort option","duration":0.8587999999999738,"failureMessages":[],"meta":{}},{"ancestorTitles":["HuggingFace IPC Handlers","hf:search-models"],"fullName":"HuggingFace IPC Handlers hf:search-models should accept valid sort options","status":"passed","title":"should accept valid sort options","duration":2.292099999999664,"failureMessages":[],"meta":{}},{"ancestorTitles":["HuggingFace IPC Handlers","hf:search-models"],"fullName":"HuggingFace IPC Handlers hf:search-models should return default value on error","status":"passed","title":"should return default value on error","duration":1.2114000000001397,"failureMessages":[],"meta":{}},{"ancestorTitles":["HuggingFace IPC Handlers","hf:search-models"],"fullName":"HuggingFace IPC Handlers hf:search-models should trim and truncate query strings","status":"passed","title":"should trim and truncate query strings","duration":1.5747000000001208,"failureMessages":[],"meta":{}},{"ancestorTitles":["HuggingFace IPC Handlers","hf:get-files"],"fullName":"HuggingFace IPC Handlers hf:get-files should get model files with valid model ID","status":"passed","title":"should get model files with valid model ID","duration":3.1593000000002576,"failureMessages":[],"meta":{}},{"ancestorTitles":["HuggingFace IPC Handlers","hf:get-files"],"fullName":"HuggingFace IPC Handlers hf:get-files should reject model IDs with dangerous characters","status":"passed","title":"should reject model IDs with dangerous characters","duration":1.9081000000005588,"failureMessages":[],"meta":{}},{"ancestorTitles":["HuggingFace IPC Handlers","hf:get-files"],"fullName":"HuggingFace IPC Handlers hf:get-files should reject non-string model IDs","status":"passed","title":"should reject non-string model IDs","duration":3.9032999999999447,"failureMessages":[],"meta":{}},{"ancestorTitles":["HuggingFace IPC Handlers","hf:get-files"],"fullName":"HuggingFace IPC Handlers hf:get-files should reject empty model IDs","status":"passed","title":"should reject empty model IDs","duration":0.8986999999997352,"failureMessages":[],"meta":{}},{"ancestorTitles":["HuggingFace IPC Handlers","hf:get-files"],"fullName":"HuggingFace IPC Handlers hf:get-files should reject model IDs exceeding max length","status":"passed","title":"should reject model IDs exceeding max length","duration":1.8288000000002285,"failureMessages":[],"meta":{}},{"ancestorTitles":["HuggingFace IPC Handlers","hf:download-file"],"fullName":"HuggingFace IPC Handlers hf:download-file should download file with valid parameters","status":"passed","title":"should download file with valid parameters","duration":3.912000000000262,"failureMessages":[],"meta":{}},{"ancestorTitles":["HuggingFace IPC Handlers","hf:download-file"],"fullName":"HuggingFace IPC Handlers hf:download-file should reject non-https URLs","status":"passed","title":"should reject non-https URLs","duration":3.6629000000002634,"failureMessages":[],"meta":{}},{"ancestorTitles":["HuggingFace IPC Handlers","hf:download-file"],"fullName":"HuggingFace IPC Handlers hf:download-file should reject non-huggingface URLs","status":"passed","title":"should reject non-huggingface URLs","duration":1.0032000000001062,"failureMessages":[],"meta":{}},{"ancestorTitles":["HuggingFace IPC Handlers","hf:download-file"],"fullName":"HuggingFace IPC Handlers hf:download-file should reject invalid output paths","status":"passed","title":"should reject invalid output paths","duration":1.1283000000003085,"failureMessages":[],"meta":{}},{"ancestorTitles":["HuggingFace IPC Handlers","hf:download-file"],"fullName":"HuggingFace IPC Handlers hf:download-file should validate SHA256 format","status":"passed","title":"should validate SHA256 format","duration":1.0635000000002037,"failureMessages":[],"meta":{}},{"ancestorTitles":["HuggingFace IPC Handlers","hf:download-file"],"fullName":"HuggingFace IPC Handlers hf:download-file should send progress events during download","status":"passed","title":"should send progress events during download","duration":1.343300000000454,"failureMessages":[],"meta":{}},{"ancestorTitles":["HuggingFace IPC Handlers","hf:cancel-download"],"fullName":"HuggingFace IPC Handlers hf:cancel-download should return cancelled status","status":"passed","title":"should return cancelled status","duration":1.2925999999997657,"failureMessages":[],"meta":{}},{"ancestorTitles":["HuggingFace IPC Handlers","hf:cancel-download"],"fullName":"HuggingFace IPC Handlers hf:cancel-download should handle cancellation placeholder","status":"passed","title":"should handle cancellation placeholder","duration":0.7606000000005224,"failureMessages":[],"meta":{}},{"ancestorTitles":["HuggingFace IPC Handlers","hf:test-downloaded-model"],"fullName":"HuggingFace IPC Handlers hf:test-downloaded-model should invoke file test endpoint","status":"passed","title":"should invoke file test endpoint","duration":1.1472999999996318,"failureMessages":[],"meta":{}}],"startTime":1772250891361,"endTime":1772250891406.1472,"status":"passed","message":"","name":"C:/Users/agnes/Desktop/projects/tengra/src/tests/main/ipc/huggingface.integration.test.ts"},{"assertionResults":[{"ancestorTitles":["Idea-Generator IPC Handlers","ideas:createSession"],"fullName":"Idea-Generator IPC Handlers ideas:createSession should create a session","status":"passed","title":"should create a session","duration":2.1247999999995955,"failureMessages":[],"meta":{}},{"ancestorTitles":["Idea-Generator IPC Handlers","ideas:getSession"],"fullName":"Idea-Generator IPC Handlers ideas:getSession should get a session","status":"passed","title":"should get a session","duration":0.39249999999992724,"failureMessages":[],"meta":{}},{"ancestorTitles":["Idea-Generator IPC Handlers","ideas:getSessions"],"fullName":"Idea-Generator IPC Handlers ideas:getSessions should get all sessions","status":"passed","title":"should get all sessions","duration":0.5184000000008382,"failureMessages":[],"meta":{}},{"ancestorTitles":["Idea-Generator IPC Handlers","ideas:getIdea"],"fullName":"Idea-Generator IP
[...]
4628,"failureMessages":[],"meta":{}},{"ancestorTitles":["GhosttyBackend","isAvailable"],"fullName":"GhosttyBackend isAvailable returns false when ghostty is not found anywhere","status":"passed","title":"returns false when ghostty is not found anywhere","duration":0.8218000000006214,"failureMessages":[],"meta":{}},{"ancestorTitles":["GhosttyBackend","isAvailable"],"fullName":"GhosttyBackend isAvailable returns true when ghostty is found at a common location","status":"passed","title":"returns true when ghostty is found at a common location","duration":0.7635000000000218,"failureMessages":[],"meta":{}},{"ancestorTitles":["GhosttyBackend","isAvailable"],"fullName":"GhosttyBackend isAvailable caches discovery result on subsequent calls","status":"passed","title":"caches discovery result on subsequent calls","duration":0.7786999999998443,"failureMessages":[],"meta":{}},{"ancestorTitles":["GhosttyBackend","isAvailable"],"fullName":"GhosttyBackend isAvailable picks the first path line when PATH returns multiple results","status":"passed","title":"picks the first path line when PATH returns multiple results","duration":0.511000000000422,"failureMessages":[],"meta":{}},{"ancestorTitles":["GhosttyBackend","create"],"fullName":"GhosttyBackend create throws when ghostty is not available","status":"passed","title":"throws when ghostty is not available","duration":4.305999999999585,"failureMessages":[],"meta":{}},{"ancestorTitles":["GhosttyBackend","create"],"fullName":"GhosttyBackend create spawns ghostty process with correct arguments","status":"passed","title":"spawns ghostty process with correct arguments","duration":3.3598999999994703,"failureMessages":[],"meta":{}},{"ancestorTitles":["GhosttyBackend","create"],"fullName":"GhosttyBackend create creates IPC bridge directory and command file","status":"passed","title":"creates IPC bridge directory and command file","duration":6.901600000000144,"failureMessages":[],"meta":{}},{"ancestorTitles":["GhosttyBackend","create"],"fullName":"GhosttyBackend create calls onData with Ghostty window opened message","status":"passed","title":"calls onData with Ghostty window opened message","duration":2.399199999999837,"failureMessages":[],"meta":{}},{"ancestorTitles":["GhosttyBackend","create"],"fullName":"GhosttyBackend create calls onExit when child process exits","status":"passed","title":"calls onExit when child process exits","duration":1.0911999999998443,"failureMessages":[],"meta":{}},{"ancestorTitles":["GhosttyBackend","create"],"fullName":"GhosttyBackend create calls onExit with 0 when exit code is null","status":"passed","title":"calls onExit with 0 when exit code is null","duration":0.738100000000486,"failureMessages":[],"meta":{}},{"ancestorTitles":["GhosttyBackend","create"],"fullName":"GhosttyBackend create returns ITerminalProcess with write, resize, and kill methods","status":"passed","title":"returns ITerminalProcess with write, resize, and kill methods","duration":2.5164000000004307,"failureMessages":[],"meta":{}},{"ancestorTitles":["GhosttyBackend","create"],"fullName":"GhosttyBackend create unrefs the spawned child process","status":"passed","title":"unrefs the spawned child process","duration":0.8208000000004176,"failureMessages":[],"meta":{}},{"ancestorTitles":["GhosttyBackend","create"],"fullName":"GhosttyBackend create throws when spawn fails","status":"passed","title":"throws when spawn fails","duration":1.0399999999999636,"failureMessages":[],"meta":{}},{"ancestorTitles":["GhosttyBackend","create"],"fullName":"GhosttyBackend create performs discovery if not yet done","status":"passed","title":"performs discovery if not yet done","duration":0.7905000000000655,"failureMessages":[],"meta":{}},{"ancestorTitles":["GhosttyBackend","kill"],"fullName":"GhosttyBackend kill kills the child process when kill is called","status":"passed","title":"kills the child process when kill is called","duration":0.7467999999998938,"failureMessages":[],"meta":{}},{"ancestorTitles":["GhosttyBackend","kill"],"fullName":"GhosttyBackend kill does not kill already killed child process","status":"passed","title":"does not kill already killed child process","duration":0.7708999999995285,"failureMessages":[],"meta":{}},{"ancestorTitles":["GhosttyBackend","write (IPC bridge)"],"fullName":"GhosttyBackend write (IPC bridge) appends command to bridge file on newline","status":"passed","title":"appends command to bridge file on newline","duration":1.4768999999996595,"failureMessages":[],"meta":{}},{"ancestorTitles":["GhosttyBackend","write (IPC bridge)"],"fullName":"GhosttyBackend write (IPC bridge) buffers characters until newline is received","status":"passed","title":"buffers characters until newline is received","duration":2.7894999999998618,"failureMessages":[],"meta":{}},{"ancestorTitles":["GhosttyBackend","write (IPC bridge)"],"fullName":"GhosttyBackend write (IPC bridge) handles backspace by removing last character from buffer","status":"passed","title":"handles backspace by removing last character from buffer","duration":1.3647000000000844,"failureMessages":[],"meta":{}},{"ancestorTitles":["GhosttyBackend","write (IPC bridge)"],"fullName":"GhosttyBackend write (IPC bridge) handles DEL character (0x7f) as backspace","status":"passed","title":"handles DEL character (0x7f) as backspace","duration":1.0911999999998443,"failureMessages":[],"meta":{}},{"ancestorTitles":["GhosttyBackend","write (IPC bridge)"],"fullName":"GhosttyBackend write (IPC bridge) ignores empty commands","status":"passed","title":"ignores empty commands","duration":0.7979999999997744,"failureMessages":[],"meta":{}},{"ancestorTitles":["GhosttyBackend","write (IPC bridge)"],"fullName":"GhosttyBackend write (IPC bridge) handles multiple commands in one write","status":"passed","title":"handles multiple commands in one write","duration":0.7722000000003391,"failureMessages":[],"meta":{}},{"ancestorTitles":["GhosttyBackend","write (IPC bridge)"],"fullName":"GhosttyBackend write (IPC bridge) logs warning when writing to unknown session","status":"passed","title":"logs warning when writing to unknown session","duration":5.430699999999888,"failureMessages":[],"meta":{}},{"ancestorTitles":["GhosttyBackend","write bridge recovery"],"fullName":"GhosttyBackend write bridge recovery retries with create+append when first append fails","status":"passed","title":"retries with create+append when first append fails","duration":1.2210999999997512,"failureMessages":[],"meta":{}},{"ancestorTitles":["GhosttyBackend","write bridge recovery"],"fullName":"GhosttyBackend write bridge recovery logs error when retry also fails","status":"passed","title":"logs error when retry also fails","duration":1.1640999999999622,"failureMessages":[],"meta":{}},{"ancestorTitles":["GhosttyBackend","resize"],"fullName":"GhosttyBackend resize does not throw when resize is called","status":"passed","title":"does not throw when resize is called","duration":0.8882999999996173,"failureMessages":[],"meta":{}},{"ancestorTitles":["GhosttyBackend","buildShellArgs (via create)"],"fullName":"GhosttyBackend buildShellArgs (via create) uses -lc flag for bash shells","status":"passed","title":"uses -lc flag for bash shells","duration":0.8479999999999563,"failureMessages":[],"meta":{}},{"ancestorTitles":["GhosttyBackend","buildShellArgs (via create)"],"fullName":"GhosttyBackend buildShellArgs (via create) uses -lc flag for zsh shells","status":"passed","title":"uses -lc flag for zsh shells","duration":1.441899999999805,"failureMessages":[],"meta":{}},{"ancestorTitles":["GhosttyBackend","buildShellArgs (via create)"],"fullName":"GhosttyBackend buildShellArgs (via create) uses fallback args with -c for other shells","status":"passed","title":"uses fallback args with -c for other shells","duration":0.8370999999997366,"failureMessages":[],"meta":{}}],"startTime":1772250890648,"endTime":1772250890704.8372,"status":"passed","message":"","name":"C:/Users/agnes/Desktop/projects/tengra/src/tests/main/services/terminal/backends/ghostty.backend.test.ts"},{"assertionResults":[{"ancestorTitles":["KittyBackend","id"],"fullName":"KittyBackend id should have id \"kitty\"","status":"passed","title":"should have id \"kitty\"","duration":4.53020000000015,"failureMessages":[],"meta":{}},{"ancestorTitles":["KittyBackend","isAvailable"],"fullName":"KittyBackend isAvailable should return true when kitty is found in PATH","status":"passed","title":"should return true when kitty is found in PATH","duration":1.1784999999999854,"failureMessages":[],"meta":{}},{"ancestorTitles":["KittyBackend","isAvailable"],"fullName":"KittyBackend isAvailable should return false when kitty is not found anywhere","status":"passed","title":"should return false when kitty is not found anywhere","duration":1.1141999999999825,"failureMessages":[],"meta":{}},{"ancestorTitles":["KittyBackend","isAvailable"],"fullName":"KittyBackend isAvailable should cache the discovery result on subsequent calls","status":"passed","title":"should cache the discovery result on subsequent calls","duration":0.789600000000064,"failureMessages":[],"meta":{}},{"ancestorTitles":["KittyBackend","isAvailable"],"fullName":"KittyBackend isAvailable should find kitty at common path when not in PATH","status":"passed","title":"should find kitty at common path when not in PATH","duration":1.3623000000006869,"failureMessages":[],"meta":{}},{"ancestorTitles":["KittyBackend","isAvailable"],"fullName":"KittyBackend isAvailable should return first PATH result when multiple lines exist","status":"passed","title":"should return first PATH result when multiple lines exist","duration":0.5095999999994092,"failureMessages":[],"meta":{}},{"ancestorTitles":["KittyBackend","isAvailable"],"fullName":"KittyBackend isAvailable should return false when execSync returns empty string","status":"passed","title":"should return false when execSync returns empty string","duration":0.4429999999993015,"failureMessages":[],"meta":{}},{"ancestorTitles":["KittyBackend","create"],"fullName":"KittyBackend create should throw error when kitty is not available","status":"passed","title":"should throw error when kitty is not available","duration":8.17489999999998,"failureMessages":[],"meta":{}},{"ancestorTitles":["KittyBackend","create"],"fullName":"KittyBackend create should spawn kitty with correct arguments","status":"passed","title":"should spawn kitty with correct arguments","duration":4.3375999999998385,"failureMessages":[],"meta":{}},{"ancestorTitles":["KittyBackend","create"],"fullName":"KittyBackend create should unref the spawned child process","status":"passed","title":"should unref the spawned child process","duration":1.8753000000006068,"failureMessages":[],"meta":{}},{"ancestorTitles":["KittyBackend","create"],"fullName":"KittyBackend create should send onData notification after timeout","status":"passed","title":"should send onData notification after timeout","duration":1.7758999999996377,"failureMessages":[],"meta":{}},{"ancestorTitles":["KittyBackend","create"],"fullName":"KittyBackend create should call onExit when child process exits","status":"passed","title":"should call onExit when child process exits","duration":2.653599999999642,"failureMessages":[],"meta":{}},{"ancestorTitles":["KittyBackend","create"],"fullName":"KittyBackend create should default exit code to 0 when null","status":"passed","title":"should default exit code to 0 when null","duration":0.7946000000001732,"failureMessages":[],"meta":{}},{"ancestorTitles":["KittyBackend","create"],"fullName":"KittyBackend create should return a valid ITerminalProcess","status":"passed","title":"should return a valid ITerminalProcess","duration":0.9043000000001484,"failureMessages":[],"meta":{}},{"ancestorTitles":["KittyBackend","create"],"fullName":"KittyBackend create should pass env from options to spawn","status":"passed","title":"should pass env from options to spawn","duration":4.389800000000832,"failureMessages":[],"meta":{}},{"ancestorTitles":["KittyBackend","create"],"fullName":"KittyBackend create should rethrow spawn errors","status":"passed","title":"should rethrow spawn errors","duration":5.969500000000153,"failureMessages":[],"meta":{}},{"ancestorTitles":["KittyBackend","create"],"fullName":"KittyBackend create should auto-discover kitty on first create call","status":"passed","title":"should auto-discover kitty on first create call","duration":0.9853000000002794,"failureMessages":[],"meta":{}},{"ancestorTitles":["KittyBackend","ITerminalProcess"],"fullName":"KittyBackend ITerminalProcess write should not throw","status":"passed","title":"write should not throw","duration":0.8886999999995169,"failureMessages":[],"meta":{}},{"ancestorTitles":["KittyBackend","ITerminalProcess"],"fullName":"KittyBackend ITerminalProcess resize should not throw","status":"passed","title":"resize should not throw","duration":2.020499999999629,"failureMessages":[],"meta":{}},{"ancestorTitles":["KittyBackend","ITerminalProcess"],"fullName":"KittyBackend ITerminalProcess kill should kill the child process","status":"passed","title":"kill should kill the child process","duration":0.7327999999997701,"failureMessages":[],"meta":{}},{"ancestorTitles":["KittyBackend","ITerminalProcess"],"fullName":"KittyBackend ITerminalProcess kill should not kill an already killed process","status":"passed","title":"kill should not kill an already killed process","duration":0.7067999999999302,"failureMessages":[],"meta":{}},{"ancestorTitles":["KittyBackend","discoverKittyPath (via isAvailable)"],"fullName":"KittyBackend discoverKittyPath (via isAvailable) should handle existsSync throwing for certain paths","status":"passed","title":"should handle existsSync throwing for certain paths","duration":0.7403000000003885,"failureMessages":[],"meta":{}},{"ancestorTitles":["KittyBackend","discoverKittyPath (via isAvailable)"],"fullName":"KittyBackend discoverKittyPath (via isAvailable) should try common paths in order and return first match","status":"passed","title":"should try common paths in order and return first match","duration":0.7722000000003391,"failureMessages":[],"meta":{}}],"startTime":1772250892133,"endTime":1772250892182.7722,"status":"passed","message":"","name":"C:/Users/agnes/Desktop/projects/tengra/src/tests/main/services/terminal/backends/kitty.backend.test.ts"},{"assertionResults":[{"ancestorTitles":["WarpBackend"],"fullName":"WarpBackend should have id \"warp\"","status":"passed","title":"should have id \"warp\"","duration":4.763500000000022,"failureMessages":[],"meta":{}},{"ancestorTitles":["WarpBackend","isAvailable"],"fullName":"WarpBackend isAvailable should return true when warp is found in PATH","status":"passed","title":"should return true when warp is found in PATH","duration":1.341099999999642,"failureMessages":[],"meta":{}},{"ancestorTitles":["WarpBackend","isAvailable"],"fullName":"WarpBackend isAvailable should return false when warp is not found anywhere","status":"passed","title":"should return false when warp is not found anywhere","duration":1.2062000000005355,"failureMessages":[],"meta":{}},{"ancestorTitles":["WarpBackend","isAvailable"],"fullName":"WarpBackend isAvailable should cache discovery result after first call","status":"passed","title":"should cache discovery result after first call","duration":0.7251999999998588,"failureMessages":[],"meta":{}},{"ancestorTitles":["WarpBackend","isAvailable"],"fullName":"WarpBackend isAvailable should check common paths when PATH lookup fails","status":"passed","title":"should check common paths when PATH lookup fails","duration":0.8636999999998807,"failureMessages":[],"meta":{}},{"ancestorTitles":["WarpBackend","isAvailable"],"fullName":"WarpBackend isAvailable should return true when warp is found at a common path","status":"passed","title":"should return true when warp is found at a common path","duration":0.6391999999996187,"failureMessages":[],"meta":{}},{"ancestorTitles":["WarpBackend","create"],"fullName":"WarpBackend create should throw when warp is not installed","status":"passed","title":"should throw when warp is not installed","duration":2.411800000000767,"failureMessages":[],"meta":{}},{"ancestorTitles":["WarpBackend","create"],"fullName":"WarpBackend create should spawn warp process with correct arguments","status":"passed","title":"should spawn warp process with correct arguments","duration":3.182300000000396,"failureMessages":[],"meta":{}},{"ancestorTitles":["WarpBackend","create"],"fullName":"WarpBackend create should unref the child process","status":"passed","title":"should unref the child process","duration":1.0966000000007625,"failureMessages":[],"meta":{}},{"ancestorTitles":["WarpBackend","create"],"fullName":"WarpBackend create should send data callback after timeout","status":"passed","title":"should send data callback after timeout","duration":1.3564000000005763,"failureMessages":[],"meta":{}},{"ancestorTitles":["WarpBackend","create"],"fullName":"WarpBackend create should call onExit when child process exits","status":"passed","title":"should call onExit when child process exits","duration":0.8492000000005646,"failureMessages":[],"meta":{}},{"ancestorTitles":["WarpBackend","create"],"fullName":"WarpBackend create should call onExit with 0 when exit code is null","status":"passed","title":"should call onExit with 0 when exit code is null","duration":0.7163000000000466,"failureMessages":[],"meta":{}},{"ancestorTitles":["WarpBackend","create"],"fullName":"WarpBackend create should return a terminal process with write, resize, kill","status":"passed","title":"should return a terminal process with write, resize, kill","duration":1.1314999999995052,"failureMessages":[],"meta":{}},{"ancestorTitles":["WarpBackend","create"],"fullName":"WarpBackend create should kill the child process when kill is called","status":"passed","title":"should kill the child process when kill is called","duration":0.8167999999996027,"failureMessages":[],"meta":{}},{"ancestorTitles":["WarpBackend","create"],"fullName":"WarpBackend create should not kill an already killed process","status":"passed","title":"should not kill an already killed process","duration":0.573500000000422,"failureMessages":[],"meta":{}},{"ancestorTitles":["WarpBackend","create"],"fullName":"WarpBackend create should handle write without error (input bridging not supported)","status":"passed","title":"should handle write without error (input bridging not supported)","duration":0.7950000000000728,"failureMessages":[],"meta":{}},{"ancestorTitles":["WarpBackend","create"],"fullName":"WarpBackend create should handle resize without error","status":"passed","title":"should handle resize without error","duration":3.321000000000822,"failureMessages":[],"meta":{}},{"ancestorTitles":["WarpBackend","error handling"],"fullName":"WarpBackend error handling should rethrow spawn errors","status":"passed","title":"should rethrow spawn errors","duration":0.8686999999999898,"failureMessages":[],"meta":{}},{"ancestorTitles":["WarpBackend","error handling"],"fullName":"WarpBackend error handling should run discovery before create if not yet done","status":"passed","title":"should run discovery before create if not yet done","duration":2.0491000000001804,"failureMessages":[],"meta":{}},{"ancestorTitles":["WarpBackend","error handling"],"fullName":"WarpBackend error handling should handle execSync returning empty string","status":"passed","title":"should handle execSync returning empty string","duration":0.49140000000079453,"failureMessages":[],"meta":{}},{"ancestorTitles":["WarpBackend","error handling"],"fullName":"WarpBackend error handling should handle fs.existsSync throwing for common paths","status":"passed","title":"should handle fs.existsSync throwing for common paths","duration":0.6518999999998414,"failureMessages":[],"meta":{}}],"startTime":1772250891900,"endTime":1772250891931.6519,"status":"passed","message":"","name":"C:/Users/agnes/Desktop/projects/tengra/src/tests/main/services/terminal/backends/warp.backend.test.ts"}]}
